This is pdfTeX, Version 3.14159265-2.6-1.40.17 (MiKTeX 2.9) (preloaded format=pdflatex 2016.9.21)  3 JAN 2017 19:17
entering extended mode
**./thesis.tex
(thesis.tex
LaTeX2e <2016/03/31> patch level 3
Babel <3.9r> and hyphenation patterns for 75 language(s) loaded.
("C:\Program Files (x86)\MiKTeX 2.9\tex\latex\base\report.cls"
Document Class: report 2014/09/29 v1.4h Standard LaTeX document class
("C:\Program Files (x86)\MiKTeX 2.9\tex\latex\base\size11.clo"
File: size11.clo 2014/09/29 v1.4h Standard LaTeX file (size option)
)
\c@part=\count79
\c@chapter=\count80
\c@section=\count81
\c@subsection=\count82
\c@subsubsection=\count83
\c@paragraph=\count84
\c@subparagraph=\count85
\c@figure=\count86
\c@table=\count87
\abovecaptionskip=\skip41
\belowcaptionskip=\skip42
\bibindent=\dimen102
)
("C:\Program Files (x86)\MiKTeX 2.9\tex\latex\float\float.sty"
Package: float 2001/11/08 v1.3d Float enhancements (AL)
\c@float@type=\count88
\float@exts=\toks14
\float@box=\box26
\@float@everytoks=\toks15
\@floatcapt=\box27
) (thesis.sty
("C:\Program Files (x86)\MiKTeX 2.9\tex\latex\graphics\graphicx.sty"
Package: graphicx 2014/10/28 v1.0g Enhanced LaTeX Graphics (DPC,SPQR)

("C:\Program Files (x86)\MiKTeX 2.9\tex\latex\graphics\keyval.sty"
Package: keyval 2014/10/28 v1.15 key=value parser (DPC)
\KV@toks@=\toks16
)
("C:\Program Files (x86)\MiKTeX 2.9\tex\latex\graphics\graphics.sty"
Package: graphics 2016/07/10 v1.0t Standard LaTeX Graphics (DPC,SPQR)

("C:\Program Files (x86)\MiKTeX 2.9\tex\latex\graphics\trig.sty"
Package: trig 2016/01/03 v1.10 sin cos tan (DPC)
)
("C:\Program Files (x86)\MiKTeX 2.9\tex\latex\00miktex\graphics.cfg"
File: graphics.cfg 2016/06/04 v1.11 sample graphics configuration
)
Package graphics Info: Driver file: pdftex.def on input line 99.

("C:\Program Files (x86)\MiKTeX 2.9\tex\latex\graphics-def\pdftex.def"
File: pdftex.def 2016/07/10 v0.06j Graphics/color for pdfTeX

("C:\Program Files (x86)\MiKTeX 2.9\tex\generic\oberdiek\infwarerr.sty"
Package: infwarerr 2016/05/16 v1.4 Providing info/warning/error messages (HO)
)
("C:\Program Files (x86)\MiKTeX 2.9\tex\generic\oberdiek\ltxcmds.sty"
Package: ltxcmds 2016/05/16 v1.23 LaTeX kernel commands for general use (HO)
)
\Gread@gobject=\count89
))
\Gin@req@height=\dimen103
\Gin@req@width=\dimen104
)
("C:\Program Files (x86)\MiKTeX 2.9\tex\latex\base\latexsym.sty"
Package: latexsym 1998/08/17 v2.2e Standard LaTeX package (lasy symbols)
\symlasy=\mathgroup4
LaTeX Font Info:    Overwriting symbol font `lasy' in version `bold'
(Font)                  U/lasy/m/n --> U/lasy/b/n on input line 52.
)
("C:\Program Files (x86)\MiKTeX 2.9\tex\latex\graphics\rotating.sty"
Package: rotating 2016/05/22 v2.16c rotated objects in LaTeX

("C:\Program Files (x86)\MiKTeX 2.9\tex\latex\base\ifthen.sty"
Package: ifthen 2014/09/29 v1.1c Standard LaTeX ifthen package (DPC)
)
\c@r@tfl@t=\count90
\rotFPtop=\skip43
\rotFPbot=\skip44
\rot@float@box=\box28
\rot@mess@toks=\toks17
) (nth.sty
Package: nth 2002/02/27
)
("C:\Program Files (x86)\MiKTeX 2.9\tex\latex\setspace\setspace.sty"
Package: setspace 2011/12/19 v6.7a set line spacing
)
("C:\Program Files (x86)\MiKTeX 2.9\tex\latex\fancyhdr\fancyhdr.sty"
Package: fancyhdr 2016/09/06 3.8 Extensive control of page headers and footers
\fancy@headwidth=\skip45
\f@ncyO@elh=\skip46
\f@ncyO@erh=\skip47
\f@ncyO@olh=\skip48
\f@ncyO@orh=\skip49
\f@ncyO@elf=\skip50
\f@ncyO@erf=\skip51
\f@ncyO@olf=\skip52
\f@ncyO@orf=\skip53
)
("C:\Program Files (x86)\MiKTeX 2.9\tex\latex\geometry\geometry.sty"
Package: geometry 2010/09/12 v5.6 Page Geometry

("C:\Program Files (x86)\MiKTeX 2.9\tex\generic\oberdiek\ifpdf.sty"
Package: ifpdf 2016/05/14 v3.1 Provides the ifpdf switch
)
("C:\Program Files (x86)\MiKTeX 2.9\tex\generic\oberdiek\ifvtex.sty"
Package: ifvtex 2016/05/16 v1.6 Detect VTeX and its facilities (HO)
Package ifvtex Info: VTeX not detected.
)
("C:\Program Files (x86)\MiKTeX 2.9\tex\generic\ifxetex\ifxetex.sty"
Package: ifxetex 2010/09/12 v0.6 Provides ifxetex conditional
)
\Gm@cnth=\count91
\Gm@cntv=\count92
\c@Gm@tempcnt=\count93
\Gm@bindingoffset=\dimen105
\Gm@wd@mp=\dimen106
\Gm@odd@mp=\dimen107
\Gm@even@mp=\dimen108
\Gm@layoutwidth=\dimen109
\Gm@layoutheight=\dimen110
\Gm@layouthoffset=\dimen111
\Gm@layoutvoffset=\dimen112
\Gm@dimlist=\toks18

("C:\Program Files (x86)\MiKTeX 2.9\tex\latex\geometry\geometry.cfg"))
("C:\Program Files (x86)\MiKTeX 2.9\tex\latex\listings\listings.sty"
\lst@mode=\count94
\lst@gtempboxa=\box29
\lst@token=\toks19
\lst@length=\count95
\lst@currlwidth=\dimen113
\lst@column=\count96
\lst@pos=\count97
\lst@lostspace=\dimen114
\lst@width=\dimen115
\lst@newlines=\count98
\lst@lineno=\count99
\lst@maxwidth=\dimen116

("C:\Program Files (x86)\MiKTeX 2.9\tex\latex\listings\lstmisc.sty"
File: lstmisc.sty 2015/06/04 1.6 (Carsten Heinz)
\c@lstnumber=\count100
\lst@skipnumbers=\count101
\lst@framebox=\box30
)
("C:\Program Files (x86)\MiKTeX 2.9\tex\latex\listings\listings.cfg"
File: listings.cfg 2015/06/04 1.6 listings configuration
))
Package: listings 2015/06/04 1.6 (Carsten Heinz)

("C:\Program Files (x86)\MiKTeX 2.9\tex\latex\psnfss\helvet.sty"
Package: helvet 2005/04/12 PSNFSS-v9.2a (WaS) 
)
("C:\Program Files (x86)\MiKTeX 2.9\tex\latex\lipsum\lipsum.sty"
Package: lipsum 2014/07/27 v1.3 150 paragraphs of Lorem Ipsum dummy text
\c@lips@count=\count102
)
("C:\Program Files (x86)\MiKTeX 2.9\tex\latex\tools\enumerate.sty"
Package: enumerate 2015/07/23 v3.00 enumerate extensions (DPC)
\@enLab=\toks20
)
("C:\Program Files (x86)\MiKTeX 2.9\tex\latex\titlesec\titlesec.sty"
Package: titlesec 2016/03/21 v2.10.2 Sectioning titles
\ttl@box=\box31
\beforetitleunit=\skip54
\aftertitleunit=\skip55
\ttl@plus=\dimen117
\ttl@minus=\dimen118
\ttl@toksa=\toks21
\titlewidth=\dimen119
\titlewidthlast=\dimen120
\titlewidthfirst=\dimen121
)
("C:\Program Files (x86)\MiKTeX 2.9\tex\latex\tools\indentfirst.sty"
Package: indentfirst 1995/11/23 v1.03 Indent first paragraph (DPC)
)
("C:\Program Files (x86)\MiKTeX 2.9\tex\latex\psnfss\mathptmx.sty"
Package: mathptmx 2005/04/12 PSNFSS-v9.2a Times w/ Math, improved (SPQR, WaS) 
LaTeX Font Info:    Redeclaring symbol font `operators' on input line 28.
LaTeX Font Info:    Overwriting symbol font `operators' in version `normal'
(Font)                  OT1/cmr/m/n --> OT1/ztmcm/m/n on input line 28.
LaTeX Font Info:    Overwriting symbol font `operators' in version `bold'
(Font)                  OT1/cmr/bx/n --> OT1/ztmcm/m/n on input line 28.
LaTeX Font Info:    Redeclaring symbol font `letters' on input line 29.
LaTeX Font Info:    Overwriting symbol font `letters' in version `normal'
(Font)                  OML/cmm/m/it --> OML/ztmcm/m/it on input line 29.
LaTeX Font Info:    Overwriting symbol font `letters' in version `bold'
(Font)                  OML/cmm/b/it --> OML/ztmcm/m/it on input line 29.
LaTeX Font Info:    Redeclaring symbol font `symbols' on input line 30.
LaTeX Font Info:    Overwriting symbol font `symbols' in version `normal'
(Font)                  OMS/cmsy/m/n --> OMS/ztmcm/m/n on input line 30.
LaTeX Font Info:    Overwriting symbol font `symbols' in version `bold'
(Font)                  OMS/cmsy/b/n --> OMS/ztmcm/m/n on input line 30.
LaTeX Font Info:    Redeclaring symbol font `largesymbols' on input line 31.
LaTeX Font Info:    Overwriting symbol font `largesymbols' in version `normal'
(Font)                  OMX/cmex/m/n --> OMX/ztmcm/m/n on input line 31.
LaTeX Font Info:    Overwriting symbol font `largesymbols' in version `bold'
(Font)                  OMX/cmex/m/n --> OMX/ztmcm/m/n on input line 31.
\symbold=\mathgroup5
\symitalic=\mathgroup6
LaTeX Font Info:    Redeclaring math alphabet \mathbf on input line 34.
LaTeX Font Info:    Overwriting math alphabet `\mathbf' in version `normal'
(Font)                  OT1/cmr/bx/n --> OT1/ptm/bx/n on input line 34.
LaTeX Font Info:    Overwriting math alphabet `\mathbf' in version `bold'
(Font)                  OT1/cmr/bx/n --> OT1/ptm/bx/n on input line 34.
LaTeX Font Info:    Redeclaring math alphabet \mathit on input line 35.
LaTeX Font Info:    Overwriting math alphabet `\mathit' in version `normal'
(Font)                  OT1/cmr/m/it --> OT1/ptm/m/it on input line 35.
LaTeX Font Info:    Overwriting math alphabet `\mathit' in version `bold'
(Font)                  OT1/cmr/bx/it --> OT1/ptm/m/it on input line 35.
LaTeX Info: Redefining \hbar on input line 50.
)
\c@cor=\count103
\c@thm=\count104
)
("C:\Program Files (x86)\MiKTeX 2.9\tex\latex\cite\cite.sty"
LaTeX Info: Redefining \cite on input line 302.
LaTeX Info: Redefining \nocite on input line 332.
Package: cite 2015/02/27  v 5.5
)
("C:\Program Files (x86)\MiKTeX 2.9\tex\latex\tools\array.sty"
Package: array 2014/10/28 v2.4c Tabular extension package (FMi)
\col@sep=\dimen122
\extrarowheight=\dimen123
\NC@list=\toks22
\extratabsurround=\skip56
\backup@length=\skip57
)
("C:\Program Files (x86)\MiKTeX 2.9\tex\latex\amsmath\amsmath.sty"
Package: amsmath 2016/06/28 v2.15d AMS math features
\@mathmargin=\skip58

For additional information on amsmath, use the `?' option.
("C:\Program Files (x86)\MiKTeX 2.9\tex\latex\amsmath\amstext.sty"
Package: amstext 2000/06/29 v2.01 AMS text

("C:\Program Files (x86)\MiKTeX 2.9\tex\latex\amsmath\amsgen.sty"
File: amsgen.sty 1999/11/30 v2.0 generic functions
\@emptytoks=\toks23
\ex@=\dimen124
))
("C:\Program Files (x86)\MiKTeX 2.9\tex\latex\amsmath\amsbsy.sty"
Package: amsbsy 1999/11/29 v1.2d Bold Symbols
\pmbraise@=\dimen125
)
("C:\Program Files (x86)\MiKTeX 2.9\tex\latex\amsmath\amsopn.sty"
Package: amsopn 2016/03/08 v2.02 operator names
)
\inf@bad=\count105
LaTeX Info: Redefining \frac on input line 199.
\uproot@=\count106
\leftroot@=\count107
LaTeX Info: Redefining \overline on input line 297.
\classnum@=\count108
\DOTSCASE@=\count109
LaTeX Info: Redefining \ldots on input line 394.
LaTeX Info: Redefining \dots on input line 397.
LaTeX Info: Redefining \cdots on input line 518.
\Mathstrutbox@=\box32
\strutbox@=\box33
\big@size=\dimen126
LaTeX Font Info:    Redeclaring font encoding OML on input line 634.
LaTeX Font Info:    Redeclaring font encoding OMS on input line 635.
\macc@depth=\count110
\c@MaxMatrixCols=\count111
\dotsspace@=\muskip10
\c@parentequation=\count112
\dspbrk@lvl=\count113
\tag@help=\toks24
\row@=\count114
\column@=\count115
\maxfields@=\count116
\andhelp@=\toks25
\eqnshift@=\dimen127
\alignsep@=\dimen128
\tagshift@=\dimen129
\tagwidth@=\dimen130
\totwidth@=\dimen131
\lineht@=\dimen132
\@envbody=\toks26
\multlinegap=\skip59
\multlinetaggap=\skip60
\mathdisplay@stack=\toks27
LaTeX Info: Redefining \[ on input line 2739.
LaTeX Info: Redefining \] on input line 2740.
)
("C:\Program Files (x86)\MiKTeX 2.9\tex\latex\url\url.sty"
\Urlmuskip=\muskip11
Package: url 2013/09/16  ver 3.4  Verb mode for urls, etc.
)
("C:\Program Files (x86)\MiKTeX 2.9\tex\latex\amsfonts\amsfonts.sty"
Package: amsfonts 2013/01/14 v3.01 Basic AMSFonts support
\symAMSa=\mathgroup7
\symAMSb=\mathgroup8
LaTeX Font Info:    Overwriting math alphabet `\mathfrak' in version `bold'
(Font)                  U/euf/m/n --> U/euf/b/n on input line 106.
)
("C:\Program Files (x86)\MiKTeX 2.9\tex\latex\pgfplots\pgfplots.sty"
("C:\Program Files (x86)\MiKTeX 2.9\tex\generic\pgfplots\pgfplots.revision.tex"
)
Package: pgfplots 2016/08/10 v1.14 Data Visualization (1.14)
 ("C:\Program Files (x86)\MiKTeX 2.9\tex\latex\pgf\frontendlayer\tikz.sty"
("C:\Program Files (x86)\MiKTeX 2.9\tex\latex\pgf\basiclayer\pgf.sty"
("C:\Program Files (x86)\MiKTeX 2.9\tex\latex\pgf\utilities\pgfrcs.sty"
("C:\Program Files (x86)\MiKTeX 2.9\tex\generic\pgf\utilities\pgfutil-common.te
x"
\pgfutil@everybye=\toks28
\pgfutil@tempdima=\dimen133
\pgfutil@tempdimb=\dimen134

("C:\Program Files (x86)\MiKTeX 2.9\tex\generic\pgf\utilities\pgfutil-common-li
sts.tex"))
("C:\Program Files (x86)\MiKTeX 2.9\tex\generic\pgf\utilities\pgfutil-latex.def
"
\pgfutil@abb=\box34
 ("C:\Program Files (x86)\MiKTeX 2.9\tex\latex\ms\everyshi.sty"
Package: everyshi 2001/05/15 v3.00 EveryShipout Package (MS)
))
("C:\Program Files (x86)\MiKTeX 2.9\tex\generic\pgf\utilities\pgfrcs.code.tex"
Package: pgfrcs 2015/08/07 v3.0.1a (rcs-revision 1.31)
))
Package: pgf 2015/08/07 v3.0.1a (rcs-revision 1.15)
 ("C:\Program Files (x86)\MiKTeX 2.9\tex\latex\pgf\basiclayer\pgfcore.sty"
("C:\Program Files (x86)\MiKTeX 2.9\tex\latex\pgf\systemlayer\pgfsys.sty"
("C:\Program Files (x86)\MiKTeX 2.9\tex\generic\pgf\systemlayer\pgfsys.code.tex
"
Package: pgfsys 2014/07/09 v3.0.1a (rcs-revision 1.48)
 ("C:\Program Files (x86)\MiKTeX 2.9\tex\generic\pgf\utilities\pgfkeys.code.tex
"
\pgfkeys@pathtoks=\toks29
\pgfkeys@temptoks=\toks30

("C:\Program Files (x86)\MiKTeX 2.9\tex\generic\pgf\utilities\pgfkeysfiltered.c
ode.tex"
\pgfkeys@tmptoks=\toks31
))
\pgf@x=\dimen135
\pgf@y=\dimen136
\pgf@xa=\dimen137
\pgf@ya=\dimen138
\pgf@xb=\dimen139
\pgf@yb=\dimen140
\pgf@xc=\dimen141
\pgf@yc=\dimen142
\w@pgf@writea=\write3
\r@pgf@reada=\read1
\c@pgf@counta=\count117
\c@pgf@countb=\count118
\c@pgf@countc=\count119
\c@pgf@countd=\count120
\t@pgf@toka=\toks32
\t@pgf@tokb=\toks33
\t@pgf@tokc=\toks34

("C:\Program Files (x86)\MiKTeX 2.9\tex\generic\pgf\systemlayer\pgf.cfg"
File: pgf.cfg 2008/05/14  (rcs-revision 1.7)
)
Driver file for pgf: pgfsys-pdftex.def

("C:\Program Files (x86)\MiKTeX 2.9\tex\generic\pgf\systemlayer\pgfsys-pdftex.d
ef"
File: pgfsys-pdftex.def 2014/10/11  (rcs-revision 1.35)

("C:\Program Files (x86)\MiKTeX 2.9\tex\generic\pgf\systemlayer\pgfsys-common-p
df.def"
File: pgfsys-common-pdf.def 2013/10/10  (rcs-revision 1.13)
)))
("C:\Program Files (x86)\MiKTeX 2.9\tex\generic\pgf\systemlayer\pgfsyssoftpath.
code.tex"
File: pgfsyssoftpath.code.tex 2013/09/09  (rcs-revision 1.9)
\pgfsyssoftpath@smallbuffer@items=\count121
\pgfsyssoftpath@bigbuffer@items=\count122
)
("C:\Program Files (x86)\MiKTeX 2.9\tex\generic\pgf\systemlayer\pgfsysprotocol.
code.tex"
File: pgfsysprotocol.code.tex 2006/10/16  (rcs-revision 1.4)
)) ("C:\Program Files (x86)\MiKTeX 2.9\tex\latex\xcolor\xcolor.sty"
Package: xcolor 2016/05/11 v2.12 LaTeX color extensions (UK)

("C:\Program Files (x86)\MiKTeX 2.9\tex\latex\00miktex\color.cfg"
File: color.cfg 2016/01/02 v1.6 sample color configuration
)
Package xcolor Info: Driver file: pdftex.def on input line 225.
Package xcolor Info: Model `cmy' substituted by `cmy0' on input line 1348.
Package xcolor Info: Model `hsb' substituted by `rgb' on input line 1352.
Package xcolor Info: Model `RGB' extended on input line 1364.
Package xcolor Info: Model `HTML' substituted by `rgb' on input line 1366.
Package xcolor Info: Model `Hsb' substituted by `hsb' on input line 1367.
Package xcolor Info: Model `tHsb' substituted by `hsb' on input line 1368.
Package xcolor Info: Model `HSB' substituted by `hsb' on input line 1369.
Package xcolor Info: Model `Gray' substituted by `gray' on input line 1370.
Package xcolor Info: Model `wave' substituted by `hsb' on input line 1371.
)
("C:\Program Files (x86)\MiKTeX 2.9\tex\generic\pgf\basiclayer\pgfcore.code.tex
"
Package: pgfcore 2010/04/11 v3.0.1a (rcs-revision 1.7)
 ("C:\Program Files (x86)\MiKTeX 2.9\tex\generic\pgf\math\pgfmath.code.tex"
("C:\Program Files (x86)\MiKTeX 2.9\tex\generic\pgf\math\pgfmathcalc.code.tex"
("C:\Program Files (x86)\MiKTeX 2.9\tex\generic\pgf\math\pgfmathutil.code.tex")
("C:\Program Files (x86)\MiKTeX 2.9\tex\generic\pgf\math\pgfmathparser.code.tex
"
\pgfmath@dimen=\dimen143
\pgfmath@count=\count123
\pgfmath@box=\box35
\pgfmath@toks=\toks35
\pgfmath@stack@operand=\toks36
\pgfmath@stack@operation=\toks37
)
("C:\Program Files (x86)\MiKTeX 2.9\tex\generic\pgf\math\pgfmathfunctions.code.
tex"
("C:\Program Files (x86)\MiKTeX 2.9\tex\generic\pgf\math\pgfmathfunctions.basic
.code.tex")
("C:\Program Files (x86)\MiKTeX 2.9\tex\generic\pgf\math\pgfmathfunctions.trigo
nometric.code.tex")
("C:\Program Files (x86)\MiKTeX 2.9\tex\generic\pgf\math\pgfmathfunctions.rando
m.code.tex")
("C:\Program Files (x86)\MiKTeX 2.9\tex\generic\pgf\math\pgfmathfunctions.compa
rison.code.tex")
("C:\Program Files (x86)\MiKTeX 2.9\tex\generic\pgf\math\pgfmathfunctions.base.
code.tex")
("C:\Program Files (x86)\MiKTeX 2.9\tex\generic\pgf\math\pgfmathfunctions.round
.code.tex")
("C:\Program Files (x86)\MiKTeX 2.9\tex\generic\pgf\math\pgfmathfunctions.misc.
code.tex")
("C:\Program Files (x86)\MiKTeX 2.9\tex\generic\pgf\math\pgfmathfunctions.integ
erarithmetics.code.tex")))
("C:\Program Files (x86)\MiKTeX 2.9\tex\generic\pgf\math\pgfmathfloat.code.tex"
\c@pgfmathroundto@lastzeros=\count124
))
("C:\Program Files (x86)\MiKTeX 2.9\tex\generic\pgf\basiclayer\pgfcorepoints.co
de.tex"
File: pgfcorepoints.code.tex 2013/10/07  (rcs-revision 1.27)
\pgf@picminx=\dimen144
\pgf@picmaxx=\dimen145
\pgf@picminy=\dimen146
\pgf@picmaxy=\dimen147
\pgf@pathminx=\dimen148
\pgf@pathmaxx=\dimen149
\pgf@pathminy=\dimen150
\pgf@pathmaxy=\dimen151
\pgf@xx=\dimen152
\pgf@xy=\dimen153
\pgf@yx=\dimen154
\pgf@yy=\dimen155
\pgf@zx=\dimen156
\pgf@zy=\dimen157
)
("C:\Program Files (x86)\MiKTeX 2.9\tex\generic\pgf\basiclayer\pgfcorepathconst
ruct.code.tex"
File: pgfcorepathconstruct.code.tex 2013/10/07  (rcs-revision 1.29)
\pgf@path@lastx=\dimen158
\pgf@path@lasty=\dimen159
)
("C:\Program Files (x86)\MiKTeX 2.9\tex\generic\pgf\basiclayer\pgfcorepathusage
.code.tex"
File: pgfcorepathusage.code.tex 2014/11/02  (rcs-revision 1.24)
\pgf@shorten@end@additional=\dimen160
\pgf@shorten@start@additional=\dimen161
)
("C:\Program Files (x86)\MiKTeX 2.9\tex\generic\pgf\basiclayer\pgfcorescopes.co
de.tex"
File: pgfcorescopes.code.tex 2015/05/08  (rcs-revision 1.46)
\pgfpic=\box36
\pgf@hbox=\box37
\pgf@layerbox@main=\box38
\pgf@picture@serial@count=\count125
)
("C:\Program Files (x86)\MiKTeX 2.9\tex\generic\pgf\basiclayer\pgfcoregraphicst
ate.code.tex"
File: pgfcoregraphicstate.code.tex 2014/11/02  (rcs-revision 1.12)
\pgflinewidth=\dimen162
)
("C:\Program Files (x86)\MiKTeX 2.9\tex\generic\pgf\basiclayer\pgfcoretransform
ations.code.tex"
File: pgfcoretransformations.code.tex 2015/08/07  (rcs-revision 1.20)
\pgf@pt@x=\dimen163
\pgf@pt@y=\dimen164
\pgf@pt@temp=\dimen165
)
("C:\Program Files (x86)\MiKTeX 2.9\tex\generic\pgf\basiclayer\pgfcorequick.cod
e.tex"
File: pgfcorequick.code.tex 2008/10/09  (rcs-revision 1.3)
)
("C:\Program Files (x86)\MiKTeX 2.9\tex\generic\pgf\basiclayer\pgfcoreobjects.c
ode.tex"
File: pgfcoreobjects.code.tex 2006/10/11  (rcs-revision 1.2)
)
("C:\Program Files (x86)\MiKTeX 2.9\tex\generic\pgf\basiclayer\pgfcorepathproce
ssing.code.tex"
File: pgfcorepathprocessing.code.tex 2013/09/09  (rcs-revision 1.9)
)
("C:\Program Files (x86)\MiKTeX 2.9\tex\generic\pgf\basiclayer\pgfcorearrows.co
de.tex"
File: pgfcorearrows.code.tex 2015/05/14  (rcs-revision 1.43)
\pgfarrowsep=\dimen166
)
("C:\Program Files (x86)\MiKTeX 2.9\tex\generic\pgf\basiclayer\pgfcoreshade.cod
e.tex"
File: pgfcoreshade.code.tex 2013/07/15  (rcs-revision 1.15)
\pgf@max=\dimen167
\pgf@sys@shading@range@num=\count126
)
("C:\Program Files (x86)\MiKTeX 2.9\tex\generic\pgf\basiclayer\pgfcoreimage.cod
e.tex"
File: pgfcoreimage.code.tex 2013/07/15  (rcs-revision 1.18)

("C:\Program Files (x86)\MiKTeX 2.9\tex\generic\pgf\basiclayer\pgfcoreexternal.
code.tex"
File: pgfcoreexternal.code.tex 2014/07/09  (rcs-revision 1.21)
\pgfexternal@startupbox=\box39
))
("C:\Program Files (x86)\MiKTeX 2.9\tex\generic\pgf\basiclayer\pgfcorelayers.co
de.tex"
File: pgfcorelayers.code.tex 2013/07/18  (rcs-revision 1.7)
)
("C:\Program Files (x86)\MiKTeX 2.9\tex\generic\pgf\basiclayer\pgfcoretranspare
ncy.code.tex"
File: pgfcoretransparency.code.tex 2013/09/30  (rcs-revision 1.5)
)
("C:\Program Files (x86)\MiKTeX 2.9\tex\generic\pgf\basiclayer\pgfcorepatterns.
code.tex"
File: pgfcorepatterns.code.tex 2013/11/07  (rcs-revision 1.5)
)))
("C:\Program Files (x86)\MiKTeX 2.9\tex\generic\pgf\modules\pgfmoduleshapes.cod
e.tex"
File: pgfmoduleshapes.code.tex 2014/03/21  (rcs-revision 1.35)
\pgfnodeparttextbox=\box40
)
("C:\Program Files (x86)\MiKTeX 2.9\tex\generic\pgf\modules\pgfmoduleplot.code.
tex"
File: pgfmoduleplot.code.tex 2015/08/03  (rcs-revision 1.13)
)
("C:\Program Files (x86)\MiKTeX 2.9\tex\latex\pgf\compatibility\pgfcomp-version
-0-65.sty"
Package: pgfcomp-version-0-65 2007/07/03 v3.0.1a (rcs-revision 1.7)
\pgf@nodesepstart=\dimen168
\pgf@nodesepend=\dimen169
)
("C:\Program Files (x86)\MiKTeX 2.9\tex\latex\pgf\compatibility\pgfcomp-version
-1-18.sty"
Package: pgfcomp-version-1-18 2007/07/23 v3.0.1a (rcs-revision 1.1)
))
("C:\Program Files (x86)\MiKTeX 2.9\tex\latex\pgf\utilities\pgffor.sty"
("C:\Program Files (x86)\MiKTeX 2.9\tex\latex\pgf\utilities\pgfkeys.sty"
("C:\Program Files (x86)\MiKTeX 2.9\tex\generic\pgf\utilities\pgfkeys.code.tex"
)) ("C:\Program Files (x86)\MiKTeX 2.9\tex\latex\pgf\math\pgfmath.sty"
("C:\Program Files (x86)\MiKTeX 2.9\tex\generic\pgf\math\pgfmath.code.tex"))
("C:\Program Files (x86)\MiKTeX 2.9\tex\generic\pgf\utilities\pgffor.code.tex"
Package: pgffor 2013/12/13 v3.0.1a (rcs-revision 1.25)

("C:\Program Files (x86)\MiKTeX 2.9\tex\generic\pgf\math\pgfmath.code.tex")
\pgffor@iter=\dimen170
\pgffor@skip=\dimen171
\pgffor@stack=\toks38
\pgffor@toks=\toks39
))
("C:\Program Files (x86)\MiKTeX 2.9\tex\generic\pgf\frontendlayer\tikz\tikz.cod
e.tex"
Package: tikz 2015/08/07 v3.0.1a (rcs-revision 1.151)

("C:\Program Files (x86)\MiKTeX 2.9\tex\generic\pgf\libraries\pgflibraryplothan
dlers.code.tex"
File: pgflibraryplothandlers.code.tex 2013/08/31 v3.0.1a (rcs-revision 1.20)
\pgf@plot@mark@count=\count127
\pgfplotmarksize=\dimen172
)
\tikz@lastx=\dimen173
\tikz@lasty=\dimen174
\tikz@lastxsaved=\dimen175
\tikz@lastysaved=\dimen176
\tikzleveldistance=\dimen177
\tikzsiblingdistance=\dimen178
\tikz@figbox=\box41
\tikz@figbox@bg=\box42
\tikz@tempbox=\box43
\tikz@tempbox@bg=\box44
\tikztreelevel=\count128
\tikznumberofchildren=\count129
\tikznumberofcurrentchild=\count130
\tikz@fig@count=\count131

("C:\Program Files (x86)\MiKTeX 2.9\tex\generic\pgf\modules\pgfmodulematrix.cod
e.tex"
File: pgfmodulematrix.code.tex 2013/09/17  (rcs-revision 1.8)
\pgfmatrixcurrentrow=\count132
\pgfmatrixcurrentcolumn=\count133
\pgf@matrix@numberofcolumns=\count134
)
\tikz@expandcount=\count135

("C:\Program Files (x86)\MiKTeX 2.9\tex\generic\pgf\frontendlayer\tikz\librarie
s\tikzlibrarytopaths.code.tex"
File: tikzlibrarytopaths.code.tex 2008/06/17 v3.0.1a (rcs-revision 1.2)
)))
("C:\Program Files (x86)\MiKTeX 2.9\tex\generic\pgfplots\pgfplots.code.tex"
("C:\Program Files (x86)\MiKTeX 2.9\tex\generic\pgfplots\pgfplotscore.code.tex"
\t@pgfplots@toka=\toks40
\t@pgfplots@tokb=\toks41
\t@pgfplots@tokc=\toks42
\pgfplots@tmpa=\dimen179
\c@pgfplots@coordindex=\count136
\c@pgfplots@scanlineindex=\count137

("C:\Program Files (x86)\MiKTeX 2.9\tex\generic\pgfplots\sys\pgfplotssysgeneric
.code.tex"))
("C:\Program Files (x86)\MiKTeX 2.9\tex\generic\pgfplots\libs\pgfplotslibrary.c
ode.tex")
("C:\Program Files (x86)\MiKTeX 2.9\tex\generic\pgfplots\oldpgfcompatib\pgfplot
soldpgfsupp_loader.code.tex"
("C:\Program Files (x86)\MiKTeX 2.9\tex\generic\pgf\libraries\pgflibraryfpu.cod
e.tex")
Package pgfplots: loading complementary arithmetics for your pgf version...

("C:\Program Files (x86)\MiKTeX 2.9\tex\generic\pgfplots\oldpgfcompatib\pgfplot
soldpgfsupp_pgflibraryfpu.code.tex")
("C:\Program Files (x86)\MiKTeX 2.9\tex\generic\pgfplots\oldpgfcompatib\pgfplot
soldpgfsupp_pgfmathfloat.code.tex"
\c@pgfmathroundto@lastzeros=\count138
))
("C:\Program Files (x86)\MiKTeX 2.9\tex\generic\pgfplots\util\pgfplotsutil.code
.tex"
("C:\Program Files (x86)\MiKTeX 2.9\tex\generic\pgfplots\liststructure\pgfplots
liststructure.code.tex")
("C:\Program Files (x86)\MiKTeX 2.9\tex\generic\pgfplots\liststructure\pgfplots
liststructureext.code.tex")
("C:\Program Files (x86)\MiKTeX 2.9\tex\generic\pgfplots\liststructure\pgfplots
array.code.tex"
\c@pgfplotsarray@tmp=\count139
)
("C:\Program Files (x86)\MiKTeX 2.9\tex\generic\pgfplots\liststructure\pgfplots
matrix.code.tex")
("C:\Program Files (x86)\MiKTeX 2.9\tex\generic\pgfplots\numtable\pgfplotstable
shared.code.tex"
\c@pgfplotstable@counta=\count140
\t@pgfplotstable@a=\toks43
)
("C:\Program Files (x86)\MiKTeX 2.9\tex\generic\pgfplots\liststructure\pgfplots
deque.code.tex")
("C:\Program Files (x86)\MiKTeX 2.9\tex\generic\pgfplots\util\pgfplotsbinary.co
de.tex"
("C:\Program Files (x86)\MiKTeX 2.9\tex\generic\pgfplots\util\pgfplotsbinary.da
ta.code.tex"))
("C:\Program Files (x86)\MiKTeX 2.9\tex\generic\pgfplots\util\pgfplotsutil.verb
.code.tex")
("C:\Program Files (x86)\MiKTeX 2.9\tex\generic\pgfplots\libs\pgflibrarypgfplot
s.surfshading.code.tex"
\c@pgfplotslibrarysurf@no=\count141

("C:\Program Files (x86)\MiKTeX 2.9\tex\generic\pgfplots\sys\pgflibrarypgfplots
.surfshading.pgfsys-pdftex.def")))
("C:\Program Files (x86)\MiKTeX 2.9\tex\generic\pgfplots\util\pgfplotscolormap.
code.tex"
("C:\Program Files (x86)\MiKTeX 2.9\tex\generic\pgfplots\util\pgfplotscolor.cod
e.tex"))
("C:\Program Files (x86)\MiKTeX 2.9\tex\generic\pgfplots\pgfplotsstackedplots.c
ode.tex")
("C:\Program Files (x86)\MiKTeX 2.9\tex\generic\pgfplots\pgfplotsplothandlers.c
ode.tex"
("C:\Program Files (x86)\MiKTeX 2.9\tex\generic\pgfplots\pgfplotsmeshplothandle
r.code.tex"
("C:\Program Files (x86)\MiKTeX 2.9\tex\generic\pgfplots\pgfplotsmeshplotimage.
code.tex")))
("C:\Program Files (x86)\MiKTeX 2.9\tex\generic\pgfplots\pgfplots.scaling.code.
tex")
("C:\Program Files (x86)\MiKTeX 2.9\tex\generic\pgfplots\pgfplotscoordprocessin
g.code.tex")
("C:\Program Files (x86)\MiKTeX 2.9\tex\generic\pgfplots\pgfplots.errorbars.cod
e.tex")
("C:\Program Files (x86)\MiKTeX 2.9\tex\generic\pgfplots\pgfplots.markers.code.
tex")
("C:\Program Files (x86)\MiKTeX 2.9\tex\generic\pgfplots\pgfplotsticks.code.tex
")
("C:\Program Files (x86)\MiKTeX 2.9\tex\generic\pgfplots\pgfplots.paths.code.te
x")
("C:\Program Files (x86)\MiKTeX 2.9\tex\generic\pgf\frontendlayer\tikz\librarie
s\tikzlibrarydecorations.code.tex"
("C:\Program Files (x86)\MiKTeX 2.9\tex\generic\pgf\modules\pgfmoduledecoration
s.code.tex"
\pgfdecoratedcompleteddistance=\dimen180
\pgfdecoratedremainingdistance=\dimen181
\pgfdecoratedinputsegmentcompleteddistance=\dimen182
\pgfdecoratedinputsegmentremainingdistance=\dimen183
\pgf@decorate@distancetomove=\dimen184
\pgf@decorate@repeatstate=\count142
\pgfdecorationsegmentamplitude=\dimen185
\pgfdecorationsegmentlength=\dimen186
)
\tikz@lib@dec@box=\box45
)
("C:\Program Files (x86)\MiKTeX 2.9\tex\generic\pgf\frontendlayer\tikz\librarie
s\tikzlibrarydecorations.pathmorphing.code.tex"
("C:\Program Files (x86)\MiKTeX 2.9\tex\generic\pgf\libraries\decorations\pgfli
brarydecorations.pathmorphing.code.tex"))
("C:\Program Files (x86)\MiKTeX 2.9\tex\generic\pgf\frontendlayer\tikz\librarie
s\tikzlibrarydecorations.pathreplacing.code.tex"
("C:\Program Files (x86)\MiKTeX 2.9\tex\generic\pgf\libraries\decorations\pgfli
brarydecorations.pathreplacing.code.tex"))
\pgfplots@numplots=\count143
\pgfplots@xmin@reg=\dimen187
\pgfplots@xmax@reg=\dimen188
\pgfplots@ymin@reg=\dimen189
\pgfplots@ymax@reg=\dimen190
\pgfplots@zmin@reg=\dimen191
\pgfplots@zmax@reg=\dimen192
)
("C:\Program Files (x86)\MiKTeX 2.9\tex\generic\pgf\frontendlayer\tikz\librarie
s\tikzlibraryplotmarks.code.tex"
File: tikzlibraryplotmarks.code.tex 2008/01/09 v3.0.1a (rcs-revision 1.1)

("C:\Program Files (x86)\MiKTeX 2.9\tex\generic\pgf\libraries\pgflibraryplotmar
ks.code.tex"
File: pgflibraryplotmarks.code.tex 2015/08/03 v3.0.1a (rcs-revision 1.14)
)))
("C:\Program Files (x86)\MiKTeX 2.9\tex\latex\pgfplots\pgfplotstable.sty"
("C:\Program Files (x86)\MiKTeX 2.9\tex\generic\pgfplots\pgfplots.revision.tex"
)
Package: pgfplotstable 2016/08/10 v1.14 Table typesetting and Pretty-printing (
1.14)

("C:\Program Files (x86)\MiKTeX 2.9\tex\generic\pgfplots\numtable\pgfplotstable
.code.tex"
("C:\Program Files (x86)\MiKTeX 2.9\tex\generic\pgfplots\numtable\pgfplotstable
.coltype.code.tex")))
("C:\Program Files (x86)\MiKTeX 2.9\tex\generic\pgfplots\libs\tikzlibrarypgfplo
ts.patchplots.code.tex")
("C:\Program Files (x86)\MiKTeX 2.9\tex\generic\pgfplots\libs\tikzlibrarypgfplo
ts.colormaps.code.tex")
("C:\Program Files (x86)\MiKTeX 2.9\tex\generic\pgfplots\libs\tikzlibrarypgfplo
ts.statistics.code.tex")
("C:\Program Files (x86)\MiKTeX 2.9\tex\generic\pgfplots\libs\tikzlibrarypgfplo
ts.external.code.tex"
("C:\Program Files (x86)\MiKTeX 2.9\tex\latex\pgf\frontendlayer\libraries\tikzl
ibraryexternal.code.tex"
("C:\Program Files (x86)\MiKTeX 2.9\tex\generic\oberdiek\pdftexcmds.sty"
Package: pdftexcmds 2016/05/21 v0.22 Utility functions of pdfTeX for LuaTeX (HO
)

("C:\Program Files (x86)\MiKTeX 2.9\tex\generic\oberdiek\ifluatex.sty"
Package: ifluatex 2016/05/16 v1.4 Provides the ifluatex switch (HO)
Package ifluatex Info: LuaTeX not detected.
)
Package pdftexcmds Info: LuaTeX not detected.
Package pdftexcmds Info: \pdf@primitive is available.
Package pdftexcmds Info: \pdf@ifprimitive is available.
Package pdftexcmds Info: \pdfdraftmode found.
)
("C:\Program Files (x86)\MiKTeX 2.9\tex\generic\pgf\frontendlayer\tikz\librarie
s\tikzexternalshared.code.tex"))
Package pgfplots external lib: loading complementary code for your PGF version.
..

("C:\Program Files (x86)\MiKTeX 2.9\tex\generic\pgfplots\oldpgfcompatib\pgfplot
soldpgfsupp_pgfcoreexternal.code.tex"
File: pgfcoreexternal.code.tex 2015/08/29  (rcs-revision 1.22)
\pgfexternal@startupbox=\box46
)
("C:\Program Files (x86)\MiKTeX 2.9\tex\generic\pgfplots\oldpgfcompatib\pgfplot
soldpgfsupp_tikzlibraryexternal.code.tex"
("C:\Program Files (x86)\MiKTeX 2.9\tex\latex\oberdiek\atveryend.sty"
Package: atveryend 2016/05/16 v1.9 Hooks at the very end of document (HO)
Package atveryend Info: \enddocument detected (standard20110627).
)
("C:\Program Files (x86)\MiKTeX 2.9\tex\generic\pgfplots\oldpgfcompatib\pgfplot
soldpgfsupp_tikzexternalshared.code.tex")))
("C:\Program Files (x86)\MiKTeX 2.9\tex\latex\subfigure\subfigure.sty"
Package: subfigure 2002/07/30 v2.1.4 subfigure package
\subfigtopskip=\skip61
\subfigcapskip=\skip62
\subfigcaptopadj=\dimen193
\subfigbottomskip=\skip63
\subfigcapmargin=\dimen194
\subfiglabelskip=\skip64
\c@subfigure=\count144
\c@lofdepth=\count145
\c@subtable=\count146
\c@lotdepth=\count147

****************************************
* Local config file subfigure.cfg used *
****************************************
("C:\Program Files (x86)\MiKTeX 2.9\tex\latex\subfigure\subfigure.cfg")
\subfig@top=\skip65
\subfig@bottom=\skip66
)
("C:\Program Files (x86)\MiKTeX 2.9\tex\generic\pgfplots\libs\pgflibrarypgfplot
s.colorbrewer.code.tex"
("C:\Program Files (x86)\MiKTeX 2.9\tex\generic\pgfplots\libs\tikzlibrarycolorb
rewer.code.tex"))
("C:\Program Files (x86)\MiKTeX 2.9\tex\latex\caption\caption.sty"
Package: caption 2016/02/21 v3.3-144 Customizing captions (AR)

("C:\Program Files (x86)\MiKTeX 2.9\tex\latex\caption\caption3.sty"
Package: caption3 2016/05/22 v1.7-166 caption3 kernel (AR)
Package caption3 Info: TeX engine: e-TeX on input line 67.
\captionmargin=\dimen195
\captionmargin@=\dimen196
\captionwidth=\dimen197
\caption@tempdima=\dimen198
\caption@indent=\dimen199
\caption@parindent=\dimen256
\caption@hangindent=\dimen257
)
\c@ContinuedFloat=\count148
Package caption Info: float package is loaded.
Package caption Info: listings package is loaded.
Package caption Info: rotating package is loaded.
Package caption Info: subfigure package is loaded.
)
(thesis.aux (Chapters/chap1.aux) (Chapters/chap2.aux) (Chapters/chap3.aux)
(Chapters/chap4.aux) (Chapters/chap5.aux) (Chapters/chap6.aux)
(Chapters/Appendix/apdxa.aux) (Chapters/Appendix/apdxb.aux))
\openout1 = `thesis.aux'.

LaTeX Font Info:    Checking defaults for OML/cmm/m/it on input line 103.
LaTeX Font Info:    ... okay on input line 103.
LaTeX Font Info:    Checking defaults for T1/cmr/m/n on input line 103.
LaTeX Font Info:    ... okay on input line 103.
LaTeX Font Info:    Checking defaults for OT1/cmr/m/n on input line 103.
LaTeX Font Info:    ... okay on input line 103.
LaTeX Font Info:    Checking defaults for OMS/cmsy/m/n on input line 103.
LaTeX Font Info:    ... okay on input line 103.
LaTeX Font Info:    Checking defaults for OMX/cmex/m/n on input line 103.
LaTeX Font Info:    ... okay on input line 103.
LaTeX Font Info:    Checking defaults for U/cmr/m/n on input line 103.
LaTeX Font Info:    ... okay on input line 103.
LaTeX Font Info:    Try loading font information for OT1+ptm on input line 103.


("C:\Program Files (x86)\MiKTeX 2.9\tex\latex\psnfss\ot1ptm.fd"
File: ot1ptm.fd 2001/06/04 font definitions for OT1/ptm.
)
("C:\Program Files (x86)\MiKTeX 2.9\tex\context\base\supp-pdf.mkii"
[Loading MPS to PDF converter (version 2006.09.02).]
\scratchcounter=\count149
\scratchdimen=\dimen258
\scratchbox=\box47
\nofMPsegments=\count150
\nofMParguments=\count151
\everyMPshowfont=\toks44
\MPscratchCnt=\count152
\MPscratchDim=\dimen259
\MPnumerator=\count153
\makeMPintoPDFobject=\count154
\everyMPtoPDFconversion=\toks45
) ("C:\Program Files (x86)\MiKTeX 2.9\tex\latex\oberdiek\epstopdf-base.sty"
Package: epstopdf-base 2016/05/15 v2.6 Base part for package epstopdf

("C:\Program Files (x86)\MiKTeX 2.9\tex\latex\oberdiek\grfext.sty"
Package: grfext 2016/05/16 v1.2 Manage graphics extensions (HO)

("C:\Program Files (x86)\MiKTeX 2.9\tex\generic\oberdiek\kvdefinekeys.sty"
Package: kvdefinekeys 2016/05/16 v1.4 Define keys (HO)
))
("C:\Program Files (x86)\MiKTeX 2.9\tex\latex\oberdiek\kvoptions.sty"
Package: kvoptions 2016/05/16 v3.12 Key value format for package options (HO)

("C:\Program Files (x86)\MiKTeX 2.9\tex\generic\oberdiek\kvsetkeys.sty"
Package: kvsetkeys 2016/05/16 v1.17 Key value parser (HO)

("C:\Program Files (x86)\MiKTeX 2.9\tex\generic\oberdiek\etexcmds.sty"
Package: etexcmds 2016/05/16 v1.6 Avoid name clashes with e-TeX commands (HO)
Package etexcmds Info: Could not find \expanded.
(etexcmds)             That can mean that you are not using pdfTeX 1.50 or
(etexcmds)             that some package has redefined \expanded.
(etexcmds)             In the latter case, load this package earlier.
)))
Package epstopdf-base Info: Redefining graphics rule for `.eps' on input line 4
38.
Package grfext Info: Graphics extension search list:
(grfext)             [.png,.pdf,.jpg,.mps,.jpeg,.jbig2,.jb2,.PNG,.PDF,.JPG,.JPE
G,.JBIG2,.JB2,.eps]
(grfext)             \AppendGraphicsExtensions on input line 456.
)
*geometry* driver: auto-detecting
*geometry* detected driver: pdftex
*geometry* verbose mode - [ preamble ] result:
* driver: pdftex
* paper: a4paper
* layout: <same size as paper>
* layoutoffset:(h,v)=(0.0pt,0.0pt)
* modes: 
* h-part:(L,W,R)=(108.405pt, 416.83289pt, 72.26999pt)
* v-part:(T,H,B)=(108.405pt, 628.23685pt, 108.405pt)
* \paperwidth=597.50787pt
* \paperheight=845.04684pt
* \textwidth=416.83289pt
* \textheight=628.23685pt
* \oddsidemargin=36.13501pt
* \evensidemargin=36.13501pt
* \topmargin=-0.86499pt
* \headheight=12.0pt
* \headsep=60.0pt
* \topskip=11.0pt
* \footskip=30.0pt
* \marginparwidth=50.0pt
* \marginparsep=10.0pt
* \columnsep=10.0pt
* \skip\footins=10.0pt plus 4.0pt minus 2.0pt
* \hoffset=0.0pt
* \voffset=-36.0pt
* \mag=1000
* \@twocolumnfalse
* \@twosidefalse
* \@mparswitchfalse
* \@reversemarginfalse
* (1in=72.27pt=25.4mm, 1cm=28.453pt)

\c@lstlisting=\count155
ABD: EveryShipout initializing macros
Package pgfplots notification 'compat/show suggested version=true': document ha
s been generated with the most recent feature set (\pgfplotsset{compat=1.14}).

Package caption Info: Begin \AtBeginDocument code.
Package caption Info: End \AtBeginDocument code.
LaTeX Font Info:    Font shape `OT1/ptm/bx/n' in size <17.28> not available
(Font)              Font shape `OT1/ptm/b/n' tried instead on input line 105.
<Images/iiitb_logo.png, id=4, 586.44093pt x 486.31688pt>
File: Images/iiitb_logo.png Graphic file (type png)

<use Images/iiitb_logo.png>
Package pdftex.def Info: Images/iiitb_logo.png used on input line 105.
(pdftex.def)             Requested size: 62.52238pt x 51.84764pt.
 [1

{C:/ProgramData/MiKTeX/2.9/pdftex/config/pdftex.map} <./Images/iiitb_logo.png (
PNG copy)>] [1

] [2

]
LaTeX Font Info:    Font shape `OT1/ptm/bx/n' in size <14.4> not available
(Font)              Font shape `OT1/ptm/b/n' tried instead on input line 105.
LaTeX Font Info:    Font shape `OT1/ptm/bx/n' in size <12> not available
(Font)              Font shape `OT1/ptm/b/n' tried instead on input line 105.

Underfull \hbox (badness 10000) in paragraph at lines 105--105

 []

LaTeX Font Info:    Try loading font information for OT1+ztmcm on input line 10
5.
("C:\Program Files (x86)\MiKTeX 2.9\tex\latex\psnfss\ot1ztmcm.fd"
File: ot1ztmcm.fd 2000/01/03 Fontinst v1.801 font definitions for OT1/ztmcm.
)
LaTeX Font Info:    Try loading font information for OML+ztmcm on input line 10
5.

("C:\Program Files (x86)\MiKTeX 2.9\tex\latex\psnfss\omlztmcm.fd"
File: omlztmcm.fd 2000/01/03 Fontinst v1.801 font definitions for OML/ztmcm.
)
LaTeX Font Info:    Try loading font information for OMS+ztmcm on input line 10
5.

("C:\Program Files (x86)\MiKTeX 2.9\tex\latex\psnfss\omsztmcm.fd"
File: omsztmcm.fd 2000/01/03 Fontinst v1.801 font definitions for OMS/ztmcm.
)
LaTeX Font Info:    Try loading font information for OMX+ztmcm on input line 10
5.

("C:\Program Files (x86)\MiKTeX 2.9\tex\latex\psnfss\omxztmcm.fd"
File: omxztmcm.fd 2000/01/03 Fontinst v1.801 font definitions for OMX/ztmcm.
)
LaTeX Font Info:    Try loading font information for U+lasy on input line 105.

("C:\Program Files (x86)\MiKTeX 2.9\tex\latex\base\ulasy.fd"
File: ulasy.fd 1998/08/17 v2.2e LaTeX symbol font definitions
)
LaTeX Font Info:    Font shape `OT1/ptm/bx/n' in size <9> not available
(Font)              Font shape `OT1/ptm/b/n' tried instead on input line 105.
LaTeX Font Info:    Font shape `OT1/ptm/bx/n' in size <7> not available
(Font)              Font shape `OT1/ptm/b/n' tried instead on input line 105.
 [3]
LaTeX Font Info:    Font shape `OT1/ptm/bx/n' in size <10.95> not available
(Font)              Font shape `OT1/ptm/b/n' tried instead on input line 105.
 (abstract.tex)

Package Fancyhdr Warning: \headheight is too small (12.0pt): 
 Make it at least 13.59999pt.
 We now make it that large for the rest of the document.
 This may cause the page layout to be inconsistent, however.

[4

] (acknowledgments.tex) [5] (mypublications.tex) [6] (thesis.toc [7

] [8])
\tf@toc=\write4
\openout4 = `thesis.toc'.


[9] (thesis.lof)
\tf@lof=\write5
\openout5 = `thesis.lof'.

 [10


] [11] (thesis.lot)
\tf@lot=\write6
\openout6 = `thesis.lot'.

 [12


] (abbreviations.tex) [13

]
\openout2 = `Chapters/chap1.aux'.


(Chapters/chap1.tex
Chapter 1.
[1



] <Images/nn_simple_dep.png, id=56, 636.87938pt x 437.38406pt>
File: Images/nn_simple_dep.png Graphic file (type png)

<use Images/nn_simple_dep.png>
Package pdftex.def Info: Images/nn_simple_dep.png used on input line 15.
(pdftex.def)             Requested size: 382.13057pt x 262.43245pt.
LaTeX Font Info:    Try loading font information for OT1+phv on input line 16.

("C:\Program Files (x86)\MiKTeX 2.9\tex\latex\psnfss\ot1phv.fd"
File: ot1phv.fd 2001/06/04 scalable font definitions for OT1/phv.
)
LaTeX Font Info:    Font shape `OT1/phv/m/n' will be
(Font)              scaled to size 9.49997pt on input line 16.
LaTeX Font Info:    Font shape `OT1/phv/bx/n' in size <10> not available
(Font)              Font shape `OT1/phv/b/n' tried instead on input line 16.
LaTeX Font Info:    Font shape `OT1/phv/b/n' will be
(Font)              scaled to size 9.49997pt on input line 16.

<Images/dnn_training_lifecycle.png, id=57, 478.78876pt x 488.57532pt>
File: Images/dnn_training_lifecycle.png Graphic file (type png)

<use Images/dnn_training_lifecycle.png>
Package pdftex.def Info: Images/dnn_training_lifecycle.png used on input line 3
0.
(pdftex.def)             Requested size: 287.27547pt x 293.14745pt.
 [2 <./Images/nn_simple_dep.png>]
[3 <./Images/dnn_training_lifecycle.png>]
LaTeX Font Info:    Font shape `OT1/ptm/bx/n' in size <8> not available
(Font)              Font shape `OT1/ptm/b/n' tried instead on input line 46.
LaTeX Font Info:    Font shape `OT1/ptm/bx/n' in size <6> not available
(Font)              Font shape `OT1/ptm/b/n' tried instead on input line 46.
 [4] [5]
Overfull \hbox (21.41452pt too wide) in paragraph at lines 114--115
[]\OT1/ptm/m/n/12 So DNN prob-lem re-duces to ap-prox-i-mat-ing $\OML/ztmcm/m/i
t/12 g[]$ \OT1/ptm/m/n/12 us-ing $\OT1/ztmcm/m/n/12 (\OML/ztmcm/m/it/12 X; Y\OT
1/ztmcm/m/n/12 )$ \OT1/ptm/m/n/12 of size $\OML/ztmcm/m/it/12 N$\OT1/ptm/m/n/12
 . $\OML/ztmcm/m/it/12  \OT1/ztmcm/m/n/12 = (\OML/ztmcm/m/it/12 []; []:::[]
\OT1/ztmcm/m/n/12 ) \OMS/ztmcm/m/n/12 2
 []

[6]

Package caption Warning: \label without proper reference on input line 144.
See the caption package documentation for explanation.


LaTeX Warning: Reference `fig:mnist_example' on page 7 undefined on input line 
142.

<Images/mnist.png, id=81, 433.62pt x 289.08pt>
File: Images/mnist.png Graphic file (type png)
 <use Images/mnist.png>
Package pdftex.def Info: Images/mnist.png used on input line 146.
(pdftex.def)             Requested size: 433.61894pt x 289.07928pt.

Overfull \hbox (16.78606pt too wide) in paragraph at lines 146--147
 [][] 
 []

[7]

Package caption Warning: \label without proper reference on input line 157.
See the caption package documentation for explanation.


LaTeX Warning: Reference `fig:cifar10_example' on page 8 undefined on input lin
e 155.

<Images/cifar10.png, id=88, 451.6875pt x 350.30875pt>
File: Images/cifar10.png Graphic file (type png)
 <use Images/cifar10.png>
Package pdftex.def Info: Images/cifar10.png used on input line 159.
(pdftex.def)             Requested size: 361.35048pt x 280.24738pt.

[8 <./Images/mnist.png>]

Package caption Warning: \label without proper reference on input line 169.
See the caption package documentation for explanation.


LaTeX Warning: Reference `fig:cif00_example' on page 9 undefined on input line 
167.


Overfull \hbox (10.65894pt too wide) in paragraph at lines 167--168
[]\OT1/ptm/m/n/12 CIFAR100 dataset has 50000 train-ing sam-ples and 10000 test-
ing sam-ples.It is database
 []

<Images/cifar_100.png, id=93, 357.335pt x 357.335pt>
File: Images/cifar_100.png Graphic file (type png)

<use Images/cifar_100.png>
Package pdftex.def Info: Images/cifar_100.png used on input line 171.
(pdftex.def)             Requested size: 285.86838pt x 285.86838pt.
 [9 <./Images/cifar10.png>]) [10 <./Images/cifar_100.png>]
\openout2 = `Chapters/chap2.aux'.

 (Chapters/chap2.tex
Chapter 2.
[11



]
Overfull \hbox (12.15924pt too wide) in paragraph at lines 17--18
[]\OT1/ptm/m/n/12 Other types of net-works are Ra-dial Ba-sis Net-work(RBN), Ga
ted Re-cur-rent Unit(GRU),
 []

) [12]
\openout2 = `Chapters/chap3.aux'.

 (Chapters/chap3.tex
Chapter 3.
[13



] [14] (initializers_results.tex
PGFPlots: reading {ResultsNormal/cifar100_TwoLayer_100B_0E_nadam_gl_n.csv}


Package pgfplots Warning: Table 'ResultsNormal/cifar100_TwoLayer_100B_0E_nadam_
gl_n.csv' has an empty column name; replacing it by '0'' on input line 15.

 [warning /pgfplots/warning/empty column name]
PGFPlots: reading {ResultsNormal/cifar100_TwoLayer_100B_0E_nadam_gl_u.csv}

Package pgfplots Warning: Table 'ResultsNormal/cifar100_TwoLayer_100B_0E_nadam_
gl_u.csv' has an empty column name; replacing it by '0'' on input line 16.

 [warning /pgfplots/warning/empty column name]
PGFPlots: reading {ResultsNormal/cifar100_TwoLayer_100B_0E_nadam_he_u.csv}

Package pgfplots Warning: Table 'ResultsNormal/cifar100_TwoLayer_100B_0E_nadam_
he_u.csv' has an empty column name; replacing it by '0'' on input line 17.

 [warning /pgfplots/warning/empty column name]
PGFPlots: reading {ResultsNormal/cifar100_TwoLayer_100B_0E_nadam_norm.csv}

Package pgfplots Warning: Table 'ResultsNormal/cifar100_TwoLayer_100B_0E_nadam_
norm.csv' has an empty column name; replacing it by '0'' on input line 18.

 [warning /pgfplots/warning/empty column name]
PGFPlots: reading {ResultsNormal/cifar100_TwoLayer_100B_0E_nadam_unif.csv}

Package pgfplots Warning: Table 'ResultsNormal/cifar100_TwoLayer_100B_0E_nadam_
unif.csv' has an empty column name; replacing it by '0'' on input line 19.

 [warning /pgfplots/warning/empty column name]
PGFPlots: reading {ResultsNormal/cifar100_TwoLayer_100B_0E_nadam_zero.csv}

Package pgfplots Warning: Table 'ResultsNormal/cifar100_TwoLayer_100B_0E_nadam_
zero.csv' has an empty column name; replacing it by '0'' on input line 20.

 [warning /pgfplots/warning/empty column name]
(batch_init_epochsnew.tex
Missing character: There is no ; in font nullfont!
Missing character: There is no ; in font nullfont!
Missing character: There is no ; in font nullfont!
Missing character: There is no ; in font nullfont!
Missing character: There is no ; in font nullfont!
Missing character: There is no ; in font nullfont!
Missing character: There is no ; in font nullfont!
Missing character: There is no ; in font nullfont!
Missing character: There is no ; in font nullfont!
Missing character: There is no ; in font nullfont!
Missing character: There is no ; in font nullfont!
Missing character: There is no ; in font nullfont!
LaTeX Font Info:    Font shape `OT1/phv/m/it' in size <10> not available
(Font)              Font shape `OT1/phv/m/sl' tried instead on input line 61.
LaTeX Font Info:    Font shape `OT1/phv/m/sl' will be
(Font)              scaled to size 9.49997pt on input line 61.
) (batch_box_plotsnew.tex
Package pgfplots info on input line 23: boxplot: got lower quartile=2.3738768e0

Package pgfplots info on input line 23: boxplot: got median=2.3859691e0
Package pgfplots info on input line 23: boxplot: got upper quartile=2.4054495e0

Package pgfplots info on input line 23: boxplot: got sample size=1.68e2
Package pgfplots info on input line 23: boxplot: got lower whisker=2.3472867381
6e0
Package pgfplots info on input line 23: boxplot: got upper whisker=2.4485372281
1e0
Package pgfplots info on input line 23: boxplot: got lower quartile=2.331974e0
Package pgfplots info on input line 23: boxplot: got median=2.3480263e0
Package pgfplots info on input line 23: boxplot: got upper quartile=2.37054e0
Package pgfplots info on input line 23: boxplot: got sample size=1.3e2
Package pgfplots info on input line 23: boxplot: got lower whisker=2.3057322704
8e0
Package pgfplots info on input line 23: boxplot: got upper whisker=2.4207279908
7e0
Package pgfplots info on input line 23: boxplot: got lower quartile=2.3553029e0

Package pgfplots info on input line 23: boxplot: got median=2.3709088e0
Package pgfplots info on input line 23: boxplot: got upper quartile=2.3992491e0

Package pgfplots info on input line 23: boxplot: got sample size=1.42e2
Package pgfplots info on input line 23: boxplot: got lower whisker=2.3356541895
9e0
Package pgfplots info on input line 23: boxplot: got upper whisker=2.4429795265
2e0
Package pgfplots info on input line 23: boxplot: got lower quartile=2.3596559e0

Package pgfplots info on input line 23: boxplot: got median=2.369124e0
Package pgfplots info on input line 23: boxplot: got upper quartile=2.3913026e0

Package pgfplots info on input line 23: boxplot: got sample size=1.42e2
Package pgfplots info on input line 23: boxplot: got lower whisker=2.3340749311
4e0
Package pgfplots info on input line 23: boxplot: got upper whisker=2.4324805474
3e0
Package pgfplots info on input line 23: boxplot: got lower quartile=2.4004457e0

Package pgfplots info on input line 23: boxplot: got median=2.4148894e0
Package pgfplots info on input line 23: boxplot: got upper quartile=2.469169e0
Package pgfplots info on input line 23: boxplot: got sample size=1.14e2
Package pgfplots info on input line 23: boxplot: got lower whisker=2.3761881649
5e0
Package pgfplots info on input line 23: boxplot: got upper whisker=2.5576555585
9e0
Package pgfplots info on input line 23: boxplot: got lower quartile=2.3720421e0

Package pgfplots info on input line 23: boxplot: got median=2.3851952e0
Package pgfplots info on input line 23: boxplot: got upper quartile=2.4091e0
Package pgfplots info on input line 23: boxplot: got sample size=1.3e2
Package pgfplots info on input line 23: boxplot: got lower whisker=2.3545401859
3e0
Package pgfplots info on input line 23: boxplot: got upper whisker=2.4629060578
3e0
Package pgfplots info on input line 43: boxplot: got lower quartile=3.8654999e-
1
Package pgfplots info on input line 43: boxplot: got median=3.9154999e-1
Package pgfplots info on input line 43: boxplot: got upper quartile=3.94125e-1
Package pgfplots info on input line 43: boxplot: got sample size=1.68e2
Package pgfplots info on input line 43: boxplot: got lower whisker=3.778e-1
Package pgfplots info on input line 43: boxplot: got upper whisker=4.011e-1
Package pgfplots info on input line 43: boxplot: got lower quartile=3.9467499e-
1
Package pgfplots info on input line 43: boxplot: got median=4.002e-1
Package pgfplots info on input line 43: boxplot: got upper quartile=4.0367499e-
1
Package pgfplots info on input line 43: boxplot: got sample size=1.3e2
Package pgfplots info on input line 43: boxplot: got lower whisker=3.822e-1
Package pgfplots info on input line 43: boxplot: got upper whisker=4.125e-1
Package pgfplots info on input line 43: boxplot: got lower quartile=3.9225e-1
Package pgfplots info on input line 43: boxplot: got median=3.996e-1
Package pgfplots info on input line 43: boxplot: got upper quartile=4.039e-1
Package pgfplots info on input line 43: boxplot: got sample size=1.42e2
Package pgfplots info on input line 43: boxplot: got lower whisker=3.757e-1
Package pgfplots info on input line 43: boxplot: got upper whisker=4.129e-1
Package pgfplots info on input line 43: boxplot: got lower quartile=3.899e-1
Package pgfplots info on input line 43: boxplot: got median=3.943e-1
Package pgfplots info on input line 43: boxplot: got upper quartile=3.969e-1
Package pgfplots info on input line 43: boxplot: got sample size=1.42e2
Package pgfplots info on input line 43: boxplot: got lower whisker=3.794e-1
Package pgfplots info on input line 43: boxplot: got upper whisker=4.068e-1
Package pgfplots info on input line 43: boxplot: got lower quartile=3.74375e-1
Package pgfplots info on input line 43: boxplot: got median=3.834e-1
Package pgfplots info on input line 43: boxplot: got upper quartile=3.8767499e-
1
Package pgfplots info on input line 43: boxplot: got sample size=1.14e2
Package pgfplots info on input line 43: boxplot: got lower whisker=3.545e-1
Package pgfplots info on input line 43: boxplot: got upper whisker=3.938e-1
Package pgfplots info on input line 43: boxplot: got lower quartile=3.8642499e-
1
Package pgfplots info on input line 43: boxplot: got median=3.9304999e-1
Package pgfplots info on input line 43: boxplot: got upper quartile=3.9587498e-
1
Package pgfplots info on input line 43: boxplot: got sample size=1.3e2
Package pgfplots info on input line 43: boxplot: got lower whisker=3.723e-1
Package pgfplots info on input line 43: boxplot: got upper whisker=4.04e-1
) (batch_late_epochsnew.tex
Missing character: There is no ; in font nullfont!
Missing character: There is no ; in font nullfont!
Missing character: There is no ; in font nullfont!
Missing character: There is no ; in font nullfont!
Missing character: There is no ; in font nullfont!
Missing character: There is no ; in font nullfont!
Missing character: There is no ; in font nullfont!
Missing character: There is no ; in font nullfont!
Missing character: There is no ; in font nullfont!
Missing character: There is no ; in font nullfont!
Missing character: There is no ; in font nullfont!
Missing character: There is no ; in font nullfont!

[15])
PGFPlots: reading {ResultsNormal/cifar100_TwoLayer_100B_0E_SGD_gl_n.csv}


Package pgfplots Warning: Table 'ResultsNormal/cifar100_TwoLayer_100B_0E_SGD_gl
_n.csv' has an empty column name; replacing it by '0'' on input line 57.

 [warning /pgfplots/warning/empty column name]
PGFPlots: reading {ResultsNormal/cifar100_TwoLayer_100B_0E_SGD_gl_u.csv}

Package pgfplots Warning: Table 'ResultsNormal/cifar100_TwoLayer_100B_0E_SGD_gl
_u.csv' has an empty column name; replacing it by '0'' on input line 58.

 [warning /pgfplots/warning/empty column name]
PGFPlots: reading {ResultsNormal/cifar100_TwoLayer_100B_0E_SGD_he_u.csv}

Package pgfplots Warning: Table 'ResultsNormal/cifar100_TwoLayer_100B_0E_SGD_he
_u.csv' has an empty column name; replacing it by '0'' on input line 59.

 [warning /pgfplots/warning/empty column name]
PGFPlots: reading {ResultsNormal/cifar100_TwoLayer_100B_0E_SGD_norm.csv}

Package pgfplots Warning: Table 'ResultsNormal/cifar100_TwoLayer_100B_0E_SGD_no
rm.csv' has an empty column name; replacing it by '0'' on input line 60.

 [warning /pgfplots/warning/empty column name]
PGFPlots: reading {ResultsNormal/cifar100_TwoLayer_100B_0E_SGD_unif.csv}

Package pgfplots Warning: Table 'ResultsNormal/cifar100_TwoLayer_100B_0E_SGD_un
if.csv' has an empty column name; replacing it by '0'' on input line 61.

 [warning /pgfplots/warning/empty column name]
PGFPlots: reading {ResultsNormal/cifar100_TwoLayer_100B_0E_SGD_zero.csv}

Package pgfplots Warning: Table 'ResultsNormal/cifar100_TwoLayer_100B_0E_SGD_ze
ro.csv' has an empty column name; replacing it by '0'' on input line 62.

 [warning /pgfplots/warning/empty column name]
(batch_init_epochsnew.tex
Missing character: There is no ; in font nullfont!
Missing character: There is no ; in font nullfont!
Missing character: There is no ; in font nullfont!
Missing character: There is no ; in font nullfont!
Missing character: There is no ; in font nullfont!
Missing character: There is no ; in font nullfont!
Missing character: There is no ; in font nullfont!
Missing character: There is no ; in font nullfont!
Missing character: There is no ; in font nullfont!
Missing character: There is no ; in font nullfont!
Missing character: There is no ; in font nullfont!
Missing character: There is no ; in font nullfont!
) (batch_box_plotsnew.tex
Package pgfplots info on input line 23: boxplot: got lower quartile=2.1665118e0

Package pgfplots info on input line 23: boxplot: got median=2.2333086e0
Package pgfplots info on input line 23: boxplot: got upper quartile=2.5048004e0

Package pgfplots info on input line 23: boxplot: got sample size=1.39e2
Package pgfplots info on input line 23: boxplot: got lower whisker=2.1393923223
e0
Package pgfplots info on input line 23: boxplot: got upper whisker=2.9982559490
2e0
Package pgfplots info on input line 23: boxplot: got lower quartile=2.2156152e0

Package pgfplots info on input line 23: boxplot: got median=2.30879566908e0
Package pgfplots info on input line 23: boxplot: got upper quartile=2.5761414e0

Package pgfplots info on input line 23: boxplot: got sample size=1.11e2
Package pgfplots info on input line 23: boxplot: got lower whisker=2.1735095012
2e0
Package pgfplots info on input line 23: boxplot: got upper whisker=3.0866505694
4e0
Package pgfplots info on input line 23: boxplot: got lower quartile=2.160185e0
Package pgfplots info on input line 23: boxplot: got median=2.176268e0
Package pgfplots info on input line 23: boxplot: got upper quartile=2.3271782e0

Package pgfplots info on input line 23: boxplot: got sample size=1.62e2
Package pgfplots info on input line 23: boxplot: got lower whisker=2.1418292772
8e0
Package pgfplots info on input line 23: boxplot: got upper whisker=2.5591808533
7e0
Package pgfplots info on input line 23: boxplot: got lower quartile=2.1762338e0

Package pgfplots info on input line 23: boxplot: got median=2.2800238e0
Package pgfplots info on input line 23: boxplot: got upper quartile=2.5624187e0

Package pgfplots info on input line 23: boxplot: got sample size=1.24e2
Package pgfplots info on input line 23: boxplot: got lower whisker=2.1389605116
8e0
Package pgfplots info on input line 23: boxplot: got upper whisker=3.1374602651
6e0
Package pgfplots info on input line 23: boxplot: got lower quartile=2.1485011e0

Package pgfplots info on input line 23: boxplot: got median=2.1771533e0
Package pgfplots info on input line 23: boxplot: got upper quartile=2.3454771e0

Package pgfplots info on input line 23: boxplot: got sample size=1.57e2
Package pgfplots info on input line 23: boxplot: got lower whisker=2.1320467162
1e0
Package pgfplots info on input line 23: boxplot: got upper whisker=2.6178405666
4e0
Package pgfplots info on input line 23: boxplot: got lower quartile=2.1749002e0

Package pgfplots info on input line 23: boxplot: got median=2.266667e0
Package pgfplots info on input line 23: boxplot: got upper quartile=2.5140742e0

Package pgfplots info on input line 23: boxplot: got sample size=1.25e2
Package pgfplots info on input line 23: boxplot: got lower whisker=2.1421888327
6e0
Package pgfplots info on input line 23: boxplot: got upper whisker=3.0164059686
7e0
Package pgfplots info on input line 43: boxplot: got lower quartile=3.7380002e-
1
Package pgfplots info on input line 43: boxplot: got median=4.2340001e-1
Package pgfplots info on input line 43: boxplot: got upper quartile=4.3684999e-
1
Package pgfplots info on input line 43: boxplot: got sample size=1.39e2
Package pgfplots info on input line 43: boxplot: got lower whisker=2.8270000010
7e-1
Package pgfplots info on input line 43: boxplot: got upper whisker=4.4649999737
7e-1
Package pgfplots info on input line 43: boxplot: got lower quartile=3.6215e-1
Package pgfplots info on input line 43: boxplot: got median=4.16899998486e-1
Package pgfplots info on input line 43: boxplot: got upper quartile=4.3179999e-
1
Package pgfplots info on input line 43: boxplot: got sample size=1.11e2
Package pgfplots info on input line 43: boxplot: got lower whisker=2.6410000130
5e-1
Package pgfplots info on input line 43: boxplot: got upper whisker=4.4039999783
e-1
Package pgfplots info on input line 43: boxplot: got lower quartile=4.0625002e-
1
Package pgfplots info on input line 43: boxplot: got median=4.3504999e-1
Package pgfplots info on input line 43: boxplot: got upper quartile=4.397999981
05e-1
Package pgfplots info on input line 43: boxplot: got sample size=1.62e2
Package pgfplots info on input line 43: boxplot: got lower whisker=3.5859999954
7e-1
Package pgfplots info on input line 43: boxplot: got upper whisker=4.4779999703
2e-1
Package pgfplots info on input line 43: boxplot: got lower quartile=3.6292499e-
1
Package pgfplots info on input line 43: boxplot: got median=4.1670003e-1
Package pgfplots info on input line 43: boxplot: got upper quartile=4.3605e-1
Package pgfplots info on input line 43: boxplot: got sample size=1.24e2
Package pgfplots info on input line 43: boxplot: got lower whisker=2.6600000008
9e-1
Package pgfplots info on input line 43: boxplot: got upper whisker=4.5089999795
e-1
Package pgfplots info on input line 43: boxplot: got lower quartile=4.048e-1
Package pgfplots info on input line 43: boxplot: got median=4.3659999e-1
Package pgfplots info on input line 43: boxplot: got upper quartile=4.43e-1
Package pgfplots info on input line 43: boxplot: got sample size=1.57e2
Package pgfplots info on input line 43: boxplot: got lower whisker=3.4870000004
8e-1
Package pgfplots info on input line 43: boxplot: got upper whisker=4.4979999572
e-1
Package pgfplots info on input line 43: boxplot: got lower quartile=3.6989993e-
1
Package pgfplots info on input line 43: boxplot: got median=4.1919998e-1
Package pgfplots info on input line 43: boxplot: got upper quartile=4.3399998e-
1
Package pgfplots info on input line 43: boxplot: got sample size=1.25e2
Package pgfplots info on input line 43: boxplot: got lower whisker=2.7770000085
2e-1
Package pgfplots info on input line 43: boxplot: got upper whisker=4.4469999641
2e-1
 [16])
(batch_late_epochsnew.tex
Missing character: There is no ; in font nullfont!
Missing character: There is no ; in font nullfont!
Missing character: There is no ; in font nullfont!
Missing character: There is no ; in font nullfont!
Missing character: There is no ; in font nullfont!
Missing character: There is no ; in font nullfont!
Missing character: There is no ; in font nullfont!
Missing character: There is no ; in font nullfont!
Missing character: There is no ; in font nullfont!
Missing character: There is no ; in font nullfont!
Missing character: There is no ; in font nullfont!
Missing character: There is no ; in font nullfont!
) [17]
PGFPlots: reading {ResultsNormal/cifar10_FiveLayer_20B_0E_adagrad_gl_n.csv}


Package pgfplots Warning: Table 'ResultsNormal/cifar10_FiveLayer_20B_0E_adagrad
_gl_n.csv' has an empty column name; replacing it by '0'' on input line 107.

 [warning /pgfplots/warning/empty column name]
PGFPlots: reading {ResultsNormal/cifar10_FiveLayer_20B_0E_adagrad_gl_u.csv}

Package pgfplots Warning: Table 'ResultsNormal/cifar10_FiveLayer_20B_0E_adagrad
_gl_u.csv' has an empty column name; replacing it by '0'' on input line 108.

 [warning /pgfplots/warning/empty column name]
PGFPlots: reading {ResultsNormal/cifar10_FiveLayer_20B_0E_adagrad_he_u.csv}

Package pgfplots Warning: Table 'ResultsNormal/cifar10_FiveLayer_20B_0E_adagrad
_he_u.csv' has an empty column name; replacing it by '0'' on input line 109.

 [warning /pgfplots/warning/empty column name]
PGFPlots: reading {ResultsNormal/cifar10_FiveLayer_20B_0E_adagrad_norm.csv}

Package pgfplots Warning: Table 'ResultsNormal/cifar10_FiveLayer_20B_0E_adagrad
_norm.csv' has an empty column name; replacing it by '0'' on input line 110.

 [warning /pgfplots/warning/empty column name]
PGFPlots: reading {ResultsNormal/cifar10_FiveLayer_20B_0E_adagrad_unif.csv}

Package pgfplots Warning: Table 'ResultsNormal/cifar10_FiveLayer_20B_0E_adagrad
_unif.csv' has an empty column name; replacing it by '0'' on input line 111.

 [warning /pgfplots/warning/empty column name]
PGFPlots: reading {ResultsNormal/cifar10_FiveLayer_20B_0E_adagrad_zero.csv}

Package pgfplots Warning: Table 'ResultsNormal/cifar10_FiveLayer_20B_0E_adagrad
_zero.csv' has an empty column name; replacing it by '0'' on input line 112.

 [warning /pgfplots/warning/empty column name]
(batch_init_epochsnew.tex
Missing character: There is no ; in font nullfont!
Missing character: There is no ; in font nullfont!
Missing character: There is no ; in font nullfont!
Missing character: There is no ; in font nullfont!
Missing character: There is no ; in font nullfont!
Missing character: There is no ; in font nullfont!
Missing character: There is no ; in font nullfont!
Missing character: There is no ; in font nullfont!
Missing character: There is no ; in font nullfont!
Missing character: There is no ; in font nullfont!
Missing character: There is no ; in font nullfont!
Missing character: There is no ; in font nullfont!
) (batch_box_plotsnew.tex
Package pgfplots info on input line 23: boxplot: got lower quartile=8.4916231e-
1
Package pgfplots info on input line 23: boxplot: got median=8.83473710954e-1
Package pgfplots info on input line 23: boxplot: got upper quartile=9.3620032e-
1
Package pgfplots info on input line 23: boxplot: got sample size=8.3e1
Package pgfplots info on input line 23: boxplot: got lower whisker=8.3280716908
e-1
Package pgfplots info on input line 23: boxplot: got upper whisker=1.0614440476
9e0
Package pgfplots info on input line 23: boxplot: got lower quartile=8.7178265e-
1
Package pgfplots info on input line 23: boxplot: got median=9.0821783036e-1
Package pgfplots info on input line 23: boxplot: got upper quartile=9.6364426e-
1
Package pgfplots info on input line 23: boxplot: got sample size=8.3e1
Package pgfplots info on input line 23: boxplot: got lower whisker=8.4478435832
3e-1
Package pgfplots info on input line 23: boxplot: got upper whisker=1.0590722079
3e0
Package pgfplots info on input line 23: boxplot: got lower quartile=8.8206201e-
1
Package pgfplots info on input line 23: boxplot: got median=9.15568802714e-1
Package pgfplots info on input line 23: boxplot: got upper quartile=9.7699876e-
1
Package pgfplots info on input line 23: boxplot: got sample size=9.1e1
Package pgfplots info on input line 23: boxplot: got lower whisker=8.5874172943
8e-1
Package pgfplots info on input line 23: boxplot: got upper whisker=1.0902787202
6e0
Package pgfplots info on input line 23: boxplot: got lower quartile=8.528497555
26e-1
Package pgfplots info on input line 23: boxplot: got median=8.80729292482e-1
Package pgfplots info on input line 23: boxplot: got upper quartile=9.158116773
37e-1
Package pgfplots info on input line 23: boxplot: got sample size=6.9e1
Package pgfplots info on input line 23: boxplot: got lower whisker=8.3089157706
5e-1
Package pgfplots info on input line 23: boxplot: got upper whisker=9.9349451887
6e-1
Package pgfplots info on input line 23: boxplot: got lower quartile=8.8483237e-
1
Package pgfplots info on input line 23: boxplot: got median=9.0266423e-1
Package pgfplots info on input line 23: boxplot: got upper quartile=9.3296512e-
1
Package pgfplots info on input line 23: boxplot: got sample size=7.6e1
Package pgfplots info on input line 23: boxplot: got lower whisker=8.6842310309
4e-1
Package pgfplots info on input line 23: boxplot: got upper whisker=9.7911082637
3e-1
Package pgfplots info on input line 23: boxplot: got lower quartile=8.4171815e-
1
Package pgfplots info on input line 23: boxplot: got median=8.62148687303e-1
Package pgfplots info on input line 23: boxplot: got upper quartile=8.9652652e-
1
Package pgfplots info on input line 23: boxplot: got sample size=6.7e1
Package pgfplots info on input line 23: boxplot: got lower whisker=8.3052536836
3e-1
Package pgfplots info on input line 23: boxplot: got upper whisker=9.7560443103
3e-1
Package pgfplots info on input line 43: boxplot: got lower quartile=7.0804999e-
1
Package pgfplots info on input line 43: boxplot: got median=7.23100000083e-1
Package pgfplots info on input line 43: boxplot: got upper quartile=7.3059999e-
1
Package pgfplots info on input line 43: boxplot: got sample size=8.3e1
Package pgfplots info on input line 43: boxplot: got lower whisker=6.7749999964
2e-1
Package pgfplots info on input line 43: boxplot: got upper whisker=7.3389999991
7e-1
Package pgfplots info on input line 43: boxplot: got lower quartile=7.0715e-1
Package pgfplots info on input line 43: boxplot: got median=7.21799999475e-1
Package pgfplots info on input line 43: boxplot: got upper quartile=7.2559999e-
1
Package pgfplots info on input line 43: boxplot: got sample size=8.3e1
Package pgfplots info on input line 43: boxplot: got lower whisker=6.8329999804
5e-1
Package pgfplots info on input line 43: boxplot: got upper whisker=7.2889999949
9e-1
Package pgfplots info on input line 43: boxplot: got lower quartile=6.997e-1
Package pgfplots info on input line 43: boxplot: got median=7.18000000119e-1
Package pgfplots info on input line 43: boxplot: got upper quartile=7.2129999e-
1
Package pgfplots info on input line 43: boxplot: got sample size=9.1e1
Package pgfplots info on input line 43: boxplot: got lower whisker=6.6999999940
4e-1
Package pgfplots info on input line 43: boxplot: got upper whisker=7.2429999989
3e-1
Package pgfplots info on input line 43: boxplot: got lower quartile=6.990000004
17e-1
Package pgfplots info on input line 43: boxplot: got median=7.23300001502e-1
Package pgfplots info on input line 43: boxplot: got upper quartile=7.283999993
8e-1
Package pgfplots info on input line 43: boxplot: got sample size=6.9e1
Package pgfplots info on input line 43: boxplot: got lower whisker=6.5840000033
4e-1
Package pgfplots info on input line 43: boxplot: got upper whisker=7.3369999939
2e-1
Package pgfplots info on input line 43: boxplot: got lower quartile=6.86625e-1
Package pgfplots info on input line 43: boxplot: got median=7.084e-1
Package pgfplots info on input line 43: boxplot: got upper quartile=7.15125e-1
Package pgfplots info on input line 43: boxplot: got sample size=7.6e1
Package pgfplots info on input line 43: boxplot: got lower whisker=6.5199999970
2e-1
Package pgfplots info on input line 43: boxplot: got upper whisker=7.1910000073
9e-1
Package pgfplots info on input line 43: boxplot: got lower quartile=7.0124998e-
1
Package pgfplots info on input line 43: boxplot: got median=7.24600001395e-1
Package pgfplots info on input line 43: boxplot: got upper quartile=7.314000006
91e-1
Package pgfplots info on input line 43: boxplot: got sample size=6.7e1
Package pgfplots info on input line 43: boxplot: got lower whisker=6.6389999949
9e-1
Package pgfplots info on input line 43: boxplot: got upper whisker=7.3500000095
4e-1
) (batch_late_epochsnew.tex
Missing character: There is no ; in font nullfont!
Missing character: There is no ; in font nullfont!
Missing character: There is no ; in font nullfont!
Missing character: There is no ; in font nullfont!
Missing character: There is no ; in font nullfont!
Missing character: There is no ; in font nullfont!
Missing character: There is no ; in font nullfont!
Missing character: There is no ; in font nullfont!
Missing character: There is no ; in font nullfont!
Missing character: There is no ; in font nullfont!
Missing character: There is no ; in font nullfont!
Missing character: There is no ; in font nullfont!

[18])

! Package pgfplots Error: Could not read table file 'ResultsNormal/mnist_TwoLay
er_10B_0E_nadam_gl_n.csv' in 'search path=.'. In case you intended to provide i
nline data: maybe TeX screwed up your end-of-lines? Try `row sep=crcr' and term
inate your lines with `\\' (refer to the pgfplotstable manual for details).

See the pgfplots package documentation for explanation.
Type  H <return>  for immediate help.
 ...                                              
                                                  
l.156 ...Layer_10B_0E_nadam_gl_n.csv}\dnwonoptinit
                                                  
This error message was gener