This is pdfTeX, Version 3.14159265-2.6-1.40.17 (MiKTeX 2.9.6200 64-bit) (preloaded format=pdflatex 2016.12.29)  2 JAN 2017 22:32
entering extended mode
**\def\tikzexternalrealjob{thesis}\input{thesis}
(thesis.tex ("C:\Program Files\MiKTeX 2.9\tex\latex\base\report.cls"
Document Class: report 2014/09/29 v1.4h Standard LaTeX document class
("C:\Program Files\MiKTeX 2.9\tex\latex\base\size11.clo"
File: size11.clo 2014/09/29 v1.4h Standard LaTeX file (size option)
)
\c@part=\count79
\c@chapter=\count80
\c@section=\count81
\c@subsection=\count82
\c@subsubsection=\count83
\c@paragraph=\count84
\c@subparagraph=\count85
\c@figure=\count86
\c@table=\count87
\abovecaptionskip=\skip41
\belowcaptionskip=\skip42
\bibindent=\dimen102
) ("C:\Program Files\MiKTeX 2.9\tex\latex\float\float.sty"
Package: float 2001/11/08 v1.3d Float enhancements (AL)
\c@float@type=\count88
\float@exts=\toks14
\float@box=\box26
\@float@everytoks=\toks15
\@floatcapt=\box27
) (thesis.sty ("C:\Program Files\MiKTeX 2.9\tex\latex\graphics\graphicx.sty"
Package: graphicx 2014/10/28 v1.0g Enhanced LaTeX Graphics (DPC,SPQR)
("C:\Program Files\MiKTeX 2.9\tex\latex\graphics\keyval.sty"
Package: keyval 2014/10/28 v1.15 key=value parser (DPC)
\KV@toks@=\toks16
) ("C:\Program Files\MiKTeX 2.9\tex\latex\graphics\graphics.sty"
Package: graphics 2016/07/10 v1.0t Standard LaTeX Graphics (DPC,SPQR)
("C:\Program Files\MiKTeX 2.9\tex\latex\graphics\trig.sty"
Package: trig 2016/01/03 v1.10 sin cos tan (DPC)
) ("C:\Program Files\MiKTeX 2.9\tex\latex\graphics-cfg\graphics.cfg"
File: graphics.cfg 2016/06/04 v1.11 sample graphics configuration
)
Package graphics Info: Driver file: pdftex.def on input line 99.
("C:\Program Files\MiKTeX 2.9\tex\latex\graphics-def\pdftex.def"
File: pdftex.def 2016/07/10 v0.06j Graphics/color for pdfTeX
("C:\Program Files\MiKTeX 2.9\tex\generic\oberdiek\infwarerr.sty"
Package: infwarerr 2016/05/16 v1.4 Providing info/warning/error messages (HO)
) ("C:\Program Files\MiKTeX 2.9\tex\generic\oberdiek\ltxcmds.sty"
Package: ltxcmds 2016/05/16 v1.23 LaTeX kernel commands for general use (HO)
)
\Gread@gobject=\count89
))
\Gin@req@height=\dimen103
\Gin@req@width=\dimen104
) ("C:\Program Files\MiKTeX 2.9\tex\latex\base\latexsym.sty"
Package: latexsym 1998/08/17 v2.2e Standard LaTeX package (lasy symbols)
\symlasy=\mathgroup4
LaTeX Font Info:    Overwriting symbol font `lasy' in version `bold'
(Font)                  U/lasy/m/n --> U/lasy/b/n on input line 52.
) ("C:\Program Files\MiKTeX 2.9\tex\latex\graphics\rotating.sty"
Package: rotating 2016/05/22 v2.16c rotated objects in LaTeX
("C:\Program Files\MiKTeX 2.9\tex\latex\base\ifthen.sty"
Package: ifthen 2014/09/29 v1.1c Standard LaTeX ifthen package (DPC)
)
\c@r@tfl@t=\count90
\rotFPtop=\skip43
\rotFPbot=\skip44
\rot@float@box=\box28
\rot@mess@toks=\toks17
) (nth.sty
Package: nth 2002/02/27
) ("C:\Program Files\MiKTeX 2.9\tex\latex\setspace\setspace.sty"
Package: setspace 2011/12/19 v6.7a set line spacing
) ("C:\Program Files\MiKTeX 2.9\tex\latex\fancyhdr\fancyhdr.sty"
Package: fancyhdr 2016/09/06 3.8 Extensive control of page headers and footers
\fancy@headwidth=\skip45
\f@ncyO@elh=\skip46
\f@ncyO@erh=\skip47
\f@ncyO@olh=\skip48
\f@ncyO@orh=\skip49
\f@ncyO@elf=\skip50
\f@ncyO@erf=\skip51
\f@ncyO@olf=\skip52
\f@ncyO@orf=\skip53
) ("C:\Program Files\MiKTeX 2.9\tex\latex\geometry\geometry.sty"
Package: geometry 2010/09/12 v5.6 Page Geometry
("C:\Program Files\MiKTeX 2.9\tex\generic\oberdiek\ifpdf.sty"
Package: ifpdf 2016/05/14 v3.1 Provides the ifpdf switch
) ("C:\Program Files\MiKTeX 2.9\tex\generic\oberdiek\ifvtex.sty"
Package: ifvtex 2016/05/16 v1.6 Detect VTeX and its facilities (HO)
Package ifvtex Info: VTeX not detected.
) ("C:\Program Files\MiKTeX 2.9\tex\generic\ifxetex\ifxetex.sty"
Package: ifxetex 2010/09/12 v0.6 Provides ifxetex conditional
)
\Gm@cnth=\count91
\Gm@cntv=\count92
\c@Gm@tempcnt=\count93
\Gm@bindingoffset=\dimen105
\Gm@wd@mp=\dimen106
\Gm@odd@mp=\dimen107
\Gm@even@mp=\dimen108
\Gm@layoutwidth=\dimen109
\Gm@layoutheight=\dimen110
\Gm@layouthoffset=\dimen111
\Gm@layoutvoffset=\dimen112
\Gm@dimlist=\toks18
("C:\Program Files\MiKTeX 2.9\tex\latex\geometry\geometry.cfg")) ("C:\Program F
iles\MiKTeX 2.9\tex\latex\listings\listings.sty"
\lst@mode=\count94
\lst@gtempboxa=\box29
\lst@token=\toks19
\lst@length=\count95
\lst@currlwidth=\dimen113
\lst@column=\count96
\lst@pos=\count97
\lst@lostspace=\dimen114
\lst@width=\dimen115
\lst@newlines=\count98
\lst@lineno=\count99
\lst@maxwidth=\dimen116
("C:\Program Files\MiKTeX 2.9\tex\latex\listings\lstmisc.sty"
File: lstmisc.sty 2015/06/04 1.6 (Carsten Heinz)
\c@lstnumber=\count100
\lst@skipnumbers=\count101
\lst@framebox=\box30
) ("C:\Program Files\MiKTeX 2.9\tex\latex\listings\listings.cfg"
File: listings.cfg 2015/06/04 1.6 listings configuration
))
Package: listings 2015/06/04 1.6 (Carsten Heinz)
("C:\Program Files\MiKTeX 2.9\tex\latex\psnfss\helvet.sty"
Package: helvet 2005/04/12 PSNFSS-v9.2a (WaS) 
) ("C:\Program Files\MiKTeX 2.9\tex\latex\lipsum\lipsum.sty"
Package: lipsum 2014/07/27 v1.3 150 paragraphs of Lorem Ipsum dummy text
\c@lips@count=\count102
) ("C:\Program Files\MiKTeX 2.9\tex\latex\tools\enumerate.sty"
Package: enumerate 2015/07/23 v3.00 enumerate extensions (DPC)
\@enLab=\toks20
) ("C:\Program Files\MiKTeX 2.9\tex\latex\titlesec\titlesec.sty"
Package: titlesec 2016/03/21 v2.10.2 Sectioning titles
\ttl@box=\box31
\beforetitleunit=\skip54
\aftertitleunit=\skip55
\ttl@plus=\dimen117
\ttl@minus=\dimen118
\ttl@toksa=\toks21
\titlewidth=\dimen119
\titlewidthlast=\dimen120
\titlewidthfirst=\dimen121
) ("C:\Program Files\MiKTeX 2.9\tex\latex\tools\indentfirst.sty"
Package: indentfirst 1995/11/23 v1.03 Indent first paragraph (DPC)
) ("C:\Program Files\MiKTeX 2.9\tex\latex\psnfss\mathptmx.sty"
Package: mathptmx 2005/04/12 PSNFSS-v9.2a Times w/ Math, improved (SPQR, WaS) 
LaTeX Font Info:    Redeclaring symbol font `operators' on input line 28.
LaTeX Font Info:    Overwriting symbol font `operators' in version `normal'
(Font)                  OT1/cmr/m/n --> OT1/ztmcm/m/n on input line 28.
LaTeX Font Info:    Overwriting symbol font `operators' in version `bold'
(Font)                  OT1/cmr/bx/n --> OT1/ztmcm/m/n on input line 28.
LaTeX Font Info:    Redeclaring symbol font `letters' on input line 29.
LaTeX Font Info:    Overwriting symbol font `letters' in version `normal'
(Font)                  OML/cmm/m/it --> OML/ztmcm/m/it on input line 29.
LaTeX Font Info:    Overwriting symbol font `letters' in version `bold'
(Font)                  OML/cmm/b/it --> OML/ztmcm/m/it on input line 29.
LaTeX Font Info:    Redeclaring symbol font `symbols' on input line 30.
LaTeX Font Info:    Overwriting symbol font `symbols' in version `normal'
(Font)                  OMS/cmsy/m/n --> OMS/ztmcm/m/n on input line 30.
LaTeX Font Info:    Overwriting symbol font `symbols' in version `bold'
(Font)                  OMS/cmsy/b/n --> OMS/ztmcm/m/n on input line 30.
LaTeX Font Info:    Redeclaring symbol font `largesymbols' on input line 31.
LaTeX Font Info:    Overwriting symbol font `largesymbols' in version `normal'
(Font)                  OMX/cmex/m/n --> OMX/ztmcm/m/n on input line 31.
LaTeX Font Info:    Overwriting symbol font `largesymbols' in version `bold'
(Font)                  OMX/cmex/m/n --> OMX/ztmcm/m/n on input line 31.
\symbold=\mathgroup5
\symitalic=\mathgroup6
LaTeX Font Info:    Redeclaring math alphabet \mathbf on input line 34.
LaTeX Font Info:    Overwriting math alphabet `\mathbf' in version `normal'
(Font)                  OT1/cmr/bx/n --> OT1/ptm/bx/n on input line 34.
LaTeX Font Info:    Overwriting math alphabet `\mathbf' in version `bold'
(Font)                  OT1/cmr/bx/n --> OT1/ptm/bx/n on input line 34.
LaTeX Font Info:    Redeclaring math alphabet \mathit on input line 35.
LaTeX Font Info:    Overwriting math alphabet `\mathit' in version `normal'
(Font)                  OT1/cmr/m/it --> OT1/ptm/m/it on input line 35.
LaTeX Font Info:    Overwriting math alphabet `\mathit' in version `bold'
(Font)                  OT1/cmr/bx/it --> OT1/ptm/m/it on input line 35.
LaTeX Info: Redefining \hbar on input line 50.
)
\c@cor=\count103
\c@thm=\count104
) ("C:\Program Files\MiKTeX 2.9\tex\latex\cite\cite.sty"
LaTeX Info: Redefining \cite on input line 302.
LaTeX Info: Redefining \nocite on input line 332.
Package: cite 2015/02/27  v 5.5
) ("C:\Program Files\MiKTeX 2.9\tex\latex\tools\array.sty"
Package: array 2014/10/28 v2.4c Tabular extension package (FMi)
\col@sep=\dimen122
\extrarowheight=\dimen123
\NC@list=\toks22
\extratabsurround=\skip56
\backup@length=\skip57
) ("C:\Program Files\MiKTeX 2.9\tex\latex\amsmath\amsmath.sty"
Package: amsmath 2016/06/28 v2.15d AMS math features
\@mathmargin=\skip58
For additional information on amsmath, use the `?' option.
("C:\Program Files\MiKTeX 2.9\tex\latex\amsmath\amstext.sty"
Package: amstext 2000/06/29 v2.01 AMS text
("C:\Program Files\MiKTeX 2.9\tex\latex\amsmath\amsgen.sty"
File: amsgen.sty 1999/11/30 v2.0 generic functions
\@emptytoks=\toks23
\ex@=\dimen124
)) ("C:\Program Files\MiKTeX 2.9\tex\latex\amsmath\amsbsy.sty"
Package: amsbsy 1999/11/29 v1.2d Bold Symbols
\pmbraise@=\dimen125
) ("C:\Program Files\MiKTeX 2.9\tex\latex\amsmath\amsopn.sty"
Package: amsopn 2016/03/08 v2.02 operator names
)
\inf@bad=\count105
LaTeX Info: Redefining \frac on input line 199.
\uproot@=\count106
\leftroot@=\count107
LaTeX Info: Redefining \overline on input line 297.
\classnum@=\count108
\DOTSCASE@=\count109
LaTeX Info: Redefining \ldots on input line 394.
LaTeX Info: Redefining \dots on input line 397.
LaTeX Info: Redefining \cdots on input line 518.
\Mathstrutbox@=\box32
\strutbox@=\box33
\big@size=\dimen126
LaTeX Font Info:    Redeclaring font encoding OML on input line 634.
LaTeX Font Info:    Redeclaring font encoding OMS on input line 635.
\macc@depth=\count110
\c@MaxMatrixCols=\count111
\dotsspace@=\muskip10
\c@parentequation=\count112
\dspbrk@lvl=\count113
\tag@help=\toks24
\row@=\count114
\column@=\count115
\maxfields@=\count116
\andhelp@=\toks25
\eqnshift@=\dimen127
\alignsep@=\dimen128
\tagshift@=\dimen129
\tagwidth@=\dimen130
\totwidth@=\dimen131
\lineht@=\dimen132
\@envbody=\toks26
\multlinegap=\skip59
\multlinetaggap=\skip60
\mathdisplay@stack=\toks27
LaTeX Info: Redefining \[ on input line 2739.
LaTeX Info: Redefining \] on input line 2740.
) ("C:\Program Files\MiKTeX 2.9\tex\latex\url\url.sty"
\Urlmuskip=\muskip11
Package: url 2013/09/16  ver 3.4  Verb mode for urls, etc.
) ("C:\Program Files\MiKTeX 2.9\tex\latex\amsfonts\amsfonts.sty"
Package: amsfonts 2013/01/14 v3.01 Basic AMSFonts support
\symAMSa=\mathgroup7
\symAMSb=\mathgroup8
LaTeX Font Info:    Overwriting math alphabet `\mathfrak' in version `bold'
(Font)                  U/euf/m/n --> U/euf/b/n on input line 106.
) ("C:\Program Files\MiKTeX 2.9\tex\latex\pgfplots\pgfplots.sty" ("C:\Program F
iles\MiKTeX 2.9\tex\generic\pgfplots\pgfplots.revision.tex")
Package: pgfplots 2016/08/10 v1.14 Data Visualization (1.14)
("C:\Program Files\MiKTeX 2.9\tex\latex\pgf\frontendlayer\tikz.sty" ("C:\Progra
m Files\MiKTeX 2.9\tex\latex\pgf\basiclayer\pgf.sty" ("C:\Program Files\MiKTeX 
2.9\tex\latex\pgf\utilities\pgfrcs.sty" ("C:\Program Files\MiKTeX 2.9\tex\gener
ic\pgf\utilities\pgfutil-common.tex"
\pgfutil@everybye=\toks28
\pgfutil@tempdima=\dimen133
\pgfutil@tempdimb=\dimen134

("C:\Program Files\MiKTeX 2.9\tex\generic\pgf\utilities\pgfutil-common-lists.te
x")) ("C:\Program Files\MiKTeX 2.9\tex\generic\pgf\utilities\pgfutil-latex.def"
\pgfutil@abb=\box34
("C:\Program Files\MiKTeX 2.9\tex\latex\ms\everyshi.sty"
Package: everyshi 2001/05/15 v3.00 EveryShipout Package (MS)
)) ("C:\Program Files\MiKTeX 2.9\tex\generic\pgf\utilities\pgfrcs.code.tex"
Package: pgfrcs 2015/08/07 v3.0.1a (rcs-revision 1.31)
))
Package: pgf 2015/08/07 v3.0.1a (rcs-revision 1.15)
("C:\Program Files\MiKTeX 2.9\tex\latex\pgf\basiclayer\pgfcore.sty" ("C:\Progra
m Files\MiKTeX 2.9\tex\latex\pgf\systemlayer\pgfsys.sty" ("C:\Program Files\MiK
TeX 2.9\tex\generic\pgf\systemlayer\pgfsys.code.tex"
Package: pgfsys 2014/07/09 v3.0.1a (rcs-revision 1.48)
("C:\Program Files\MiKTeX 2.9\tex\generic\pgf\utilities\pgfkeys.code.tex"
\pgfkeys@pathtoks=\toks29
\pgfkeys@temptoks=\toks30

("C:\Program Files\MiKTeX 2.9\tex\generic\pgf\utilities\pgfkeysfiltered.code.te
x"
\pgfkeys@tmptoks=\toks31
))
\pgf@x=\dimen135
\pgf@y=\dimen136
\pgf@xa=\dimen137
\pgf@ya=\dimen138
\pgf@xb=\dimen139
\pgf@yb=\dimen140
\pgf@xc=\dimen141
\pgf@yc=\dimen142
\w@pgf@writea=\write3
\r@pgf@reada=\read1
\c@pgf@counta=\count117
\c@pgf@countb=\count118
\c@pgf@countc=\count119
\c@pgf@countd=\count120
\t@pgf@toka=\toks32
\t@pgf@tokb=\toks33
\t@pgf@tokc=\toks34
("C:\Program Files\MiKTeX 2.9\tex\generic\pgf\systemlayer\pgf.cfg"
File: pgf.cfg 2008/05/14  (rcs-revision 1.7)
)
Driver file for pgf: pgfsys-pdftex.def
("C:\Program Files\MiKTeX 2.9\tex\generic\pgf\systemlayer\pgfsys-pdftex.def"
File: pgfsys-pdftex.def 2014/10/11  (rcs-revision 1.35)
("C:\Program Files\MiKTeX 2.9\tex\generic\pgf\systemlayer\pgfsys-common-pdf.def
"
File: pgfsys-common-pdf.def 2013/10/10  (rcs-revision 1.13)
)))
("C:\Program Files\MiKTeX 2.9\tex\generic\pgf\systemlayer\pgfsyssoftpath.code.t
ex"
File: pgfsyssoftpath.code.tex 2013/09/09  (rcs-revision 1.9)
\pgfsyssoftpath@smallbuffer@items=\count121
\pgfsyssoftpath@bigbuffer@items=\count122
)
("C:\Program Files\MiKTeX 2.9\tex\generic\pgf\systemlayer\pgfsysprotocol.code.t
ex"
File: pgfsysprotocol.code.tex 2006/10/16  (rcs-revision 1.4)
)) ("C:\Program Files\MiKTeX 2.9\tex\latex\xcolor\xcolor.sty"
Package: xcolor 2016/05/11 v2.12 LaTeX color extensions (UK)
("C:\Program Files\MiKTeX 2.9\tex\latex\graphics-cfg\color.cfg"
File: color.cfg 2016/01/02 v1.6 sample color configuration
)
Package xcolor Info: Driver file: pdftex.def on input line 225.
Package xcolor Info: Model `cmy' substituted by `cmy0' on input line 1348.
Package xcolor Info: Model `hsb' substituted by `rgb' on input line 1352.
Package xcolor Info: Model `RGB' extended on input line 1364.
Package xcolor Info: Model `HTML' substituted by `rgb' on input line 1366.
Package xcolor Info: Model `Hsb' substituted by `hsb' on input line 1367.
Package xcolor Info: Model `tHsb' substituted by `hsb' on input line 1368.
Package xcolor Info: Model `HSB' substituted by `hsb' on input line 1369.
Package xcolor Info: Model `Gray' substituted by `gray' on input line 1370.
Package xcolor Info: Model `wave' substituted by `hsb' on input line 1371.
) ("C:\Program Files\MiKTeX 2.9\tex\generic\pgf\basiclayer\pgfcore.code.tex"
Package: pgfcore 2010/04/11 v3.0.1a (rcs-revision 1.7)
("C:\Program Files\MiKTeX 2.9\tex\generic\pgf\math\pgfmath.code.tex" ("C:\Progr
am Files\MiKTeX 2.9\tex\generic\pgf\math\pgfmathcalc.code.tex" ("C:\Program Fil
es\MiKTeX 2.9\tex\generic\pgf\math\pgfmathutil.code.tex") ("C:\Program Files\Mi
KTeX 2.9\tex\generic\pgf\math\pgfmathparser.code.tex"
\pgfmath@dimen=\dimen143
\pgfmath@count=\count123
\pgfmath@box=\box35
\pgfmath@toks=\toks35
\pgfmath@stack@operand=\toks36
\pgfmath@stack@operation=\toks37
) ("C:\Program Files\MiKTeX 2.9\tex\generic\pgf\math\pgfmathfunctions.code.tex"

("C:\Program Files\MiKTeX 2.9\tex\generic\pgf\math\pgfmathfunctions.basic.code.
tex")
("C:\Program Files\MiKTeX 2.9\tex\generic\pgf\math\pgfmathfunctions.trigonometr
ic.code.tex")
("C:\Program Files\MiKTeX 2.9\tex\generic\pgf\math\pgfmathfunctions.random.code
.tex")
("C:\Program Files\MiKTeX 2.9\tex\generic\pgf\math\pgfmathfunctions.comparison.
code.tex")
("C:\Program Files\MiKTeX 2.9\tex\generic\pgf\math\pgfmathfunctions.base.code.t
ex")
("C:\Program Files\MiKTeX 2.9\tex\generic\pgf\math\pgfmathfunctions.round.code.
tex")
("C:\Program Files\MiKTeX 2.9\tex\generic\pgf\math\pgfmathfunctions.misc.code.t
ex")
("C:\Program Files\MiKTeX 2.9\tex\generic\pgf\math\pgfmathfunctions.integerarit
hmetics.code.tex"))) ("C:\Program Files\MiKTeX 2.9\tex\generic\pgf\math\pgfmath
float.code.tex"
\c@pgfmathroundto@lastzeros=\count124
)) ("C:\Program Files\MiKTeX 2.9\tex\generic\pgf\basiclayer\pgfcorepoints.code.
tex"
File: pgfcorepoints.code.tex 2013/10/07  (rcs-revision 1.27)
\pgf@picminx=\dimen144
\pgf@picmaxx=\dimen145
\pgf@picminy=\dimen146
\pgf@picmaxy=\dimen147
\pgf@pathminx=\dimen148
\pgf@pathmaxx=\dimen149
\pgf@pathminy=\dimen150
\pgf@pathmaxy=\dimen151
\pgf@xx=\dimen152
\pgf@xy=\dimen153
\pgf@yx=\dimen154
\pgf@yy=\dimen155
\pgf@zx=\dimen156
\pgf@zy=\dimen157
)
("C:\Program Files\MiKTeX 2.9\tex\generic\pgf\basiclayer\pgfcorepathconstruct.c
ode.tex"
File: pgfcorepathconstruct.code.tex 2013/10/07  (rcs-revision 1.29)
\pgf@path@lastx=\dimen158
\pgf@path@lasty=\dimen159
)
("C:\Program Files\MiKTeX 2.9\tex\generic\pgf\basiclayer\pgfcorepathusage.code.
tex"
File: pgfcorepathusage.code.tex 2014/11/02  (rcs-revision 1.24)
\pgf@shorten@end@additional=\dimen160
\pgf@shorten@start@additional=\dimen161
) ("C:\Program Files\MiKTeX 2.9\tex\generic\pgf\basiclayer\pgfcorescopes.code.t
ex"
File: pgfcorescopes.code.tex 2015/05/08  (rcs-revision 1.46)
\pgfpic=\box36
\pgf@hbox=\box37
\pgf@layerbox@main=\box38
\pgf@picture@serial@count=\count125
)
("C:\Program Files\MiKTeX 2.9\tex\generic\pgf\basiclayer\pgfcoregraphicstate.co
de.tex"
File: pgfcoregraphicstate.code.tex 2014/11/02  (rcs-revision 1.12)
\pgflinewidth=\dimen162
)
("C:\Program Files\MiKTeX 2.9\tex\generic\pgf\basiclayer\pgfcoretransformations
.code.tex"
File: pgfcoretransformations.code.tex 2015/08/07  (rcs-revision 1.20)
\pgf@pt@x=\dimen163
\pgf@pt@y=\dimen164
\pgf@pt@temp=\dimen165
) ("C:\Program Files\MiKTeX 2.9\tex\generic\pgf\basiclayer\pgfcorequick.code.te
x"
File: pgfcorequick.code.tex 2008/10/09  (rcs-revision 1.3)
)
("C:\Program Files\MiKTeX 2.9\tex\generic\pgf\basiclayer\pgfcoreobjects.code.te
x"
File: pgfcoreobjects.code.tex 2006/10/11  (rcs-revision 1.2)
)
("C:\Program Files\MiKTeX 2.9\tex\generic\pgf\basiclayer\pgfcorepathprocessing.
code.tex"
File: pgfcorepathprocessing.code.tex 2013/09/09  (rcs-revision 1.9)
) ("C:\Program Files\MiKTeX 2.9\tex\generic\pgf\basiclayer\pgfcorearrows.code.t
ex"
File: pgfcorearrows.code.tex 2015/05/14  (rcs-revision 1.43)
\pgfarrowsep=\dimen166
) ("C:\Program Files\MiKTeX 2.9\tex\generic\pgf\basiclayer\pgfcoreshade.code.te
x"
File: pgfcoreshade.code.tex 2013/07/15  (rcs-revision 1.15)
\pgf@max=\dimen167
\pgf@sys@shading@range@num=\count126
) ("C:\Program Files\MiKTeX 2.9\tex\generic\pgf\basiclayer\pgfcoreimage.code.te
x"
File: pgfcoreimage.code.tex 2013/07/15  (rcs-revision 1.18)

("C:\Program Files\MiKTeX 2.9\tex\generic\pgf\basiclayer\pgfcoreexternal.code.t
ex"
File: pgfcoreexternal.code.tex 2014/07/09  (rcs-revision 1.21)
\pgfexternal@startupbox=\box39
)) ("C:\Program Files\MiKTeX 2.9\tex\generic\pgf\basiclayer\pgfcorelayers.code.
tex"
File: pgfcorelayers.code.tex 2013/07/18  (rcs-revision 1.7)
)
("C:\Program Files\MiKTeX 2.9\tex\generic\pgf\basiclayer\pgfcoretransparency.co
de.tex"
File: pgfcoretransparency.code.tex 2013/09/30  (rcs-revision 1.5)
)
("C:\Program Files\MiKTeX 2.9\tex\generic\pgf\basiclayer\pgfcorepatterns.code.t
ex"
File: pgfcorepatterns.code.tex 2013/11/07  (rcs-revision 1.5)
))) ("C:\Program Files\MiKTeX 2.9\tex\generic\pgf\modules\pgfmoduleshapes.code.
tex"
File: pgfmoduleshapes.code.tex 2014/03/21  (rcs-revision 1.35)
\pgfnodeparttextbox=\box40
) ("C:\Program Files\MiKTeX 2.9\tex\generic\pgf\modules\pgfmoduleplot.code.tex"
File: pgfmoduleplot.code.tex 2015/08/03  (rcs-revision 1.13)
)
("C:\Program Files\MiKTeX 2.9\tex\latex\pgf\compatibility\pgfcomp-version-0-65.
sty"
Package: pgfcomp-version-0-65 2007/07/03 v3.0.1a (rcs-revision 1.7)
\pgf@nodesepstart=\dimen168
\pgf@nodesepend=\dimen169
)
("C:\Program Files\MiKTeX 2.9\tex\latex\pgf\compatibility\pgfcomp-version-1-18.
sty"
Package: pgfcomp-version-1-18 2007/07/23 v3.0.1a (rcs-revision 1.1)
)) ("C:\Program Files\MiKTeX 2.9\tex\latex\pgf\utilities\pgffor.sty" ("C:\Progr
am Files\MiKTeX 2.9\tex\latex\pgf\utilities\pgfkeys.sty" ("C:\Program Files\MiK
TeX 2.9\tex\generic\pgf\utilities\pgfkeys.code.tex")) ("C:\Program Files\MiKTeX
 2.9\tex\latex\pgf\math\pgfmath.sty" ("C:\Program Files\MiKTeX 2.9\tex\generic\
pgf\math\pgfmath.code.tex")) ("C:\Program Files\MiKTeX 2.9\tex\generic\pgf\util
ities\pgffor.code.tex"
Package: pgffor 2013/12/13 v3.0.1a (rcs-revision 1.25)
("C:\Program Files\MiKTeX 2.9\tex\generic\pgf\math\pgfmath.code.tex")
\pgffor@iter=\dimen170
\pgffor@skip=\dimen171
\pgffor@stack=\toks38
\pgffor@toks=\toks39
)) ("C:\Program Files\MiKTeX 2.9\tex\generic\pgf\frontendlayer\tikz\tikz.code.t
ex"
Package: tikz 2015/08/07 v3.0.1a (rcs-revision 1.151)

("C:\Program Files\MiKTeX 2.9\tex\generic\pgf\libraries\pgflibraryplothandlers.
code.tex"
File: pgflibraryplothandlers.code.tex 2013/08/31 v3.0.1a (rcs-revision 1.20)
\pgf@plot@mark@count=\count127
\pgfplotmarksize=\dimen172
)
\tikz@lastx=\dimen173
\tikz@lasty=\dimen174
\tikz@lastxsaved=\dimen175
\tikz@lastysaved=\dimen176
\tikzleveldistance=\dimen177
\tikzsiblingdistance=\dimen178
\tikz@figbox=\box41
\tikz@figbox@bg=\box42
\tikz@tempbox=\box43
\tikz@tempbox@bg=\box44
\tikztreelevel=\count128
\tikznumberofchildren=\count129
\tikznumberofcurrentchild=\count130
\tikz@fig@count=\count131
("C:\Program Files\MiKTeX 2.9\tex\generic\pgf\modules\pgfmodulematrix.code.tex"
File: pgfmodulematrix.code.tex 2013/09/17  (rcs-revision 1.8)
\pgfmatrixcurrentrow=\count132
\pgfmatrixcurrentcolumn=\count133
\pgf@matrix@numberofcolumns=\count134
)
\tikz@expandcount=\count135

("C:\Program Files\MiKTeX 2.9\tex\generic\pgf\frontendlayer\tikz\libraries\tikz
librarytopaths.code.tex"
File: tikzlibrarytopaths.code.tex 2008/06/17 v3.0.1a (rcs-revision 1.2)
))) ("C:\Program Files\MiKTeX 2.9\tex\generic\pgfplots\pgfplots.code.tex" ("C:\
Program Files\MiKTeX 2.9\tex\generic\pgfplots\pgfplotscore.code.tex"
\t@pgfplots@toka=\toks40
\t@pgfplots@tokb=\toks41
\t@pgfplots@tokc=\toks42
\pgfplots@tmpa=\dimen179
\c@pgfplots@coordindex=\count136
\c@pgfplots@scanlineindex=\count137

("C:\Program Files\MiKTeX 2.9\tex\generic\pgfplots\sys\pgfplotssysgeneric.code.
tex"))
("C:\Program Files\MiKTeX 2.9\tex\generic\pgfplots\libs\pgfplotslibrary.code.te
x")
("C:\Program Files\MiKTeX 2.9\tex\generic\pgfplots\oldpgfcompatib\pgfplotsoldpg
fsupp_loader.code.tex" ("C:\Program Files\MiKTeX 2.9\tex\generic\pgf\libraries\
pgflibraryfpu.code.tex")
Package pgfplots: loading complementary arithmetics for your pgf version...

("C:\Program Files\MiKTeX 2.9\tex\generic\pgfplots\oldpgfcompatib\pgfplotsoldpg
fsupp_pgflibraryfpu.code.tex")
("C:\Program Files\MiKTeX 2.9\tex\generic\pgfplots\oldpgfcompatib\pgfplotsoldpg
fsupp_pgfmathfloat.code.tex"
\c@pgfmathroundto@lastzeros=\count138
)) ("C:\Program Files\MiKTeX 2.9\tex\generic\pgfplots\util\pgfplotsutil.code.te
x"
("C:\Program Files\MiKTeX 2.9\tex\generic\pgfplots\liststructure\pgfplotslistst
ructure.code.tex")
("C:\Program Files\MiKTeX 2.9\tex\generic\pgfplots\liststructure\pgfplotslistst
ructureext.code.tex")
("C:\Program Files\MiKTeX 2.9\tex\generic\pgfplots\liststructure\pgfplotsarray.
code.tex"
\c@pgfplotsarray@tmp=\count139
)
("C:\Program Files\MiKTeX 2.9\tex\generic\pgfplots\liststructure\pgfplotsmatrix
.code.tex")
("C:\Program Files\MiKTeX 2.9\tex\generic\pgfplots\numtable\pgfplotstableshared
.code.tex"
\c@pgfplotstable@counta=\count140
\t@pgfplotstable@a=\toks43
)
("C:\Program Files\MiKTeX 2.9\tex\generic\pgfplots\liststructure\pgfplotsdeque.
code.tex") ("C:\Program Files\MiKTeX 2.9\tex\generic\pgfplots\util\pgfplotsbina
ry.code.tex"
("C:\Program Files\MiKTeX 2.9\tex\generic\pgfplots\util\pgfplotsbinary.data.cod
e.tex"))
("C:\Program Files\MiKTeX 2.9\tex\generic\pgfplots\util\pgfplotsutil.verb.code.
tex")
("C:\Program Files\MiKTeX 2.9\tex\generic\pgfplots\libs\pgflibrarypgfplots.surf
shading.code.tex"
\c@pgfplotslibrarysurf@no=\count141

("C:\Program Files\MiKTeX 2.9\tex\generic\pgfplots\sys\pgflibrarypgfplots.surfs
hading.pgfsys-pdftex.def")))
("C:\Program Files\MiKTeX 2.9\tex\generic\pgfplots\util\pgfplotscolormap.code.t
ex" ("C:\Program Files\MiKTeX 2.9\tex\generic\pgfplots\util\pgfplotscolor.code.
tex"))
("C:\Program Files\MiKTeX 2.9\tex\generic\pgfplots\pgfplotsstackedplots.code.te
x")
("C:\Program Files\MiKTeX 2.9\tex\generic\pgfplots\pgfplotsplothandlers.code.te
x"
("C:\Program Files\MiKTeX 2.9\tex\generic\pgfplots\pgfplotsmeshplothandler.code
.tex"
("C:\Program Files\MiKTeX 2.9\tex\generic\pgfplots\pgfplotsmeshplotimage.code.t
ex"))) ("C:\Program Files\MiKTeX 2.9\tex\generic\pgfplots\pgfplots.scaling.code
.tex")
("C:\Program Files\MiKTeX 2.9\tex\generic\pgfplots\pgfplotscoordprocessing.code
.tex") ("C:\Program Files\MiKTeX 2.9\tex\generic\pgfplots\pgfplots.errorbars.co
de.tex") ("C:\Program Files\MiKTeX 2.9\tex\generic\pgfplots\pgfplots.markers.co
de.tex") ("C:\Program Files\MiKTeX 2.9\tex\generic\pgfplots\pgfplotsticks.code.
tex") ("C:\Program Files\MiKTeX 2.9\tex\generic\pgfplots\pgfplots.paths.code.te
x")
("C:\Program Files\MiKTeX 2.9\tex\generic\pgf\frontendlayer\tikz\libraries\tikz
librarydecorations.code.tex"
("C:\Program Files\MiKTeX 2.9\tex\generic\pgf\modules\pgfmoduledecorations.code
.tex"
\pgfdecoratedcompleteddistance=\dimen180
\pgfdecoratedremainingdistance=\dimen181
\pgfdecoratedinputsegmentcompleteddistance=\dimen182
\pgfdecoratedinputsegmentremainingdistance=\dimen183
\pgf@decorate@distancetomove=\dimen184
\pgf@decorate@repeatstate=\count142
\pgfdecorationsegmentamplitude=\dimen185
\pgfdecorationsegmentlength=\dimen186
)
\tikz@lib@dec@box=\box45
)
("C:\Program Files\MiKTeX 2.9\tex\generic\pgf\frontendlayer\tikz\libraries\tikz
librarydecorations.pathmorphing.code.tex"
("C:\Program Files\MiKTeX 2.9\tex\generic\pgf\libraries\decorations\pgflibraryd
ecorations.pathmorphing.code.tex"))
("C:\Program Files\MiKTeX 2.9\tex\generic\pgf\frontendlayer\tikz\libraries\tikz
librarydecorations.pathreplacing.code.tex"
("C:\Program Files\MiKTeX 2.9\tex\generic\pgf\libraries\decorations\pgflibraryd
ecorations.pathreplacing.code.tex"))
\pgfplots@numplots=\count143
\pgfplots@xmin@reg=\dimen187
\pgfplots@xmax@reg=\dimen188
\pgfplots@ymin@reg=\dimen189
\pgfplots@ymax@reg=\dimen190
\pgfplots@zmin@reg=\dimen191
\pgfplots@zmax@reg=\dimen192
)
("C:\Program Files\MiKTeX 2.9\tex\generic\pgf\frontendlayer\tikz\libraries\tikz
libraryplotmarks.code.tex"
File: tikzlibraryplotmarks.code.tex 2008/01/09 v3.0.1a (rcs-revision 1.1)

("C:\Program Files\MiKTeX 2.9\tex\generic\pgf\libraries\pgflibraryplotmarks.cod
e.tex"
File: pgflibraryplotmarks.code.tex 2015/08/03 v3.0.1a (rcs-revision 1.14)
))) ("C:\Program Files\MiKTeX 2.9\tex\latex\pgfplots\pgfplotstable.sty" ("C:\Pr
ogram Files\MiKTeX 2.9\tex\generic\pgfplots\pgfplots.revision.tex")
Package: pgfplotstable 2016/08/10 v1.14 Table typesetting and Pretty-printing (
1.14)

("C:\Program Files\MiKTeX 2.9\tex\generic\pgfplots\numtable\pgfplotstable.code.
tex"
("C:\Program Files\MiKTeX 2.9\tex\generic\pgfplots\numtable\pgfplotstable.colty
pe.code.tex")))
("C:\Program Files\MiKTeX 2.9\tex\generic\pgfplots\libs\tikzlibrarypgfplots.pat
chplots.code.tex")
("C:\Program Files\MiKTeX 2.9\tex\generic\pgfplots\libs\tikzlibrarypgfplots.col
ormaps.code.tex")
("C:\Program Files\MiKTeX 2.9\tex\generic\pgfplots\libs\tikzlibrarypgfplots.sta
tistics.code.tex")
("C:\Program Files\MiKTeX 2.9\tex\generic\pgfplots\libs\tikzlibrarypgfplots.ext
ernal.code.tex"
("C:\Program Files\MiKTeX 2.9\tex\latex\pgf\frontendlayer\libraries\tikzlibrary
external.code.tex" ("C:\Program Files\MiKTeX 2.9\tex\generic\oberdiek\pdftexcmd
s.sty"
Package: pdftexcmds 2016/05/21 v0.22 Utility functions of pdfTeX for LuaTeX (HO
)
("C:\Program Files\MiKTeX 2.9\tex\generic\oberdiek\ifluatex.sty"
Package: ifluatex 2016/05/16 v1.4 Provides the ifluatex switch (HO)
Package ifluatex Info: LuaTeX not detected.
)
Package pdftexcmds Info: LuaTeX not detected.
Package pdftexcmds Info: \pdf@primitive is available.
Package pdftexcmds Info: \pdf@ifprimitive is available.
Package pdftexcmds Info: \pdfdraftmode found.
)
("C:\Program Files\MiKTeX 2.9\tex\generic\pgf\frontendlayer\tikz\libraries\tikz
externalshared.code.tex"))
Package pgfplots external lib: loading complementary code for your PGF version.
..

("C:\Program Files\MiKTeX 2.9\tex\generic\pgfplots\oldpgfcompatib\pgfplotsoldpg
fsupp_pgfcoreexternal.code.tex"
File: pgfcoreexternal.code.tex 2015/08/29  (rcs-revision 1.22)
\pgfexternal@startupbox=\box46
)
("C:\Program Files\MiKTeX 2.9\tex\generic\pgfplots\oldpgfcompatib\pgfplotsoldpg
fsupp_tikzlibraryexternal.code.tex" ("C:\Program Files\MiKTeX 2.9\tex\latex\obe
rdiek\atveryend.sty"
Package: atveryend 2016/05/16 v1.9 Hooks at the very end of document (HO)
Package atveryend Info: \enddocument detected (standard20110627).
)
("C:\Program Files\MiKTeX 2.9\tex\generic\pgfplots\oldpgfcompatib\pgfplotsoldpg
fsupp_tikzexternalshared.code.tex"))) ("C:\Program Files\MiKTeX 2.9\tex\latex\s
ubfigure\subfigure.sty"
Package: subfigure 2002/07/30 v2.1.4 subfigure package
\subfigtopskip=\skip61
\subfigcapskip=\skip62
\subfigcaptopadj=\dimen193
\subfigbottomskip=\skip63
\subfigcapmargin=\dimen194
\subfiglabelskip=\skip64
\c@subfigure=\count144
\c@lofdepth=\count145
\c@subtable=\count146
\c@lotdepth=\count147
****************************************
* Local config file subfigure.cfg used *
****************************************
("C:\Program Files\MiKTeX 2.9\tex\latex\subfigure\subfigure.cfg")
\subfig@top=\skip65
\subfig@bottom=\skip66
)
("C:\Program Files\MiKTeX 2.9\tex\generic\pgfplots\libs\pgflibrarypgfplots.colo
rbrewer.code.tex"
("C:\Program Files\MiKTeX 2.9\tex\generic\pgfplots\libs\tikzlibrarycolorbrewer.
code.tex")) ("C:\Program Files\MiKTeX 2.9\tex\latex\caption\caption.sty"
Package: caption 2016/02/21 v3.3-144 Customizing captions (AR)
("C:\Program Files\MiKTeX 2.9\tex\latex\caption\caption3.sty"
Package: caption3 2016/05/22 v1.7-166 caption3 kernel (AR)
Package caption3 Info: TeX engine: e-TeX on input line 67.
\captionmargin=\dimen195
\captionmargin@=\dimen196
\captionwidth=\dimen197
\caption@tempdima=\dimen198
\caption@indent=\dimen199
\caption@parindent=\dimen256
\caption@hangindent=\dimen257
)
\c@ContinuedFloat=\count148
Package caption Info: float package is loaded.
Package caption Info: listings package is loaded.
Package caption Info: rotating package is loaded.
Package caption Info: subfigure package is loaded.
)
No auxiliary output files.

\w@pgfexternal@auxout=\write4
Package TikZ externalization: calling \geometry{driver=none} during externaliza
tion.

No file Images/thesis-figure4.aux.
LaTeX Font Info:    Checking defaults for OML/cmm/m/it on input line 103.
LaTeX Font Info:    ... okay on input line 103.
LaTeX Font Info:    Checking defaults for T1/cmr/m/n on input line 103.
LaTeX Font Info:    ... okay on input line 103.
LaTeX Font Info:    Checking defaults for OT1/cmr/m/n on input line 103.
LaTeX Font Info:    ... okay on input line 103.
LaTeX Font Info:    Checking defaults for OMS/cmsy/m/n on input line 103.
LaTeX Font Info:    ... okay on input line 103.
LaTeX Font Info:    Checking defaults for OMX/cmex/m/n on input line 103.
LaTeX Font Info:    ... okay on input line 103.
LaTeX Font Info:    Checking defaults for U/cmr/m/n on input line 103.
LaTeX Font Info:    ... okay on input line 103.
LaTeX Font Info:    Try loading font information for OT1+ptm on input line 103.

("C:\Program Files\MiKTeX 2.9\tex\latex\psnfss\ot1ptm.fd"
File: ot1ptm.fd 2001/06/04 font definitions for OT1/ptm.
) ("C:\Program Files\MiKTeX 2.9\tex\context\base\supp-pdf.mkii"
[Loading MPS to PDF converter (version 2006.09.02).]
\scratchcounter=\count149
\scratchdimen=\dimen258
\scratchbox=\box47
\nofMPsegments=\count150
\nofMParguments=\count151
\everyMPshowfont=\toks44
\MPscratchCnt=\count152
\MPscratchDim=\dimen259
\MPnumerator=\count153
\makeMPintoPDFobject=\count154
\everyMPtoPDFconversion=\toks45
) ("C:\Program Files\MiKTeX 2.9\tex\latex\oberdiek\epstopdf-base.sty"
Package: epstopdf-base 2016/05/15 v2.6 Base part for package epstopdf
("C:\Program Files\MiKTeX 2.9\tex\latex\oberdiek\grfext.sty"
Package: grfext 2016/05/16 v1.2 Manage graphics extensions (HO)
("C:\Program Files\MiKTeX 2.9\tex\generic\oberdiek\kvdefinekeys.sty"
Package: kvdefinekeys 2016/05/16 v1.4 Define keys (HO)
)) ("C:\Program Files\MiKTeX 2.9\tex\latex\oberdiek\kvoptions.sty"
Package: kvoptions 2016/05/16 v3.12 Key value format for package options (HO)
("C:\Program Files\MiKTeX 2.9\tex\generic\oberdiek\kvsetkeys.sty"
Package: kvsetkeys 2016/05/16 v1.17 Key value parser (HO)
("C:\Program Files\MiKTeX 2.9\tex\generic\oberdiek\etexcmds.sty"
Package: etexcmds 2016/05/16 v1.6 Avoid name clashes with e-TeX commands (HO)
Package etexcmds Info: Could not find \expanded.
(etexcmds)             That can mean that you are not using pdfTeX 1.50 or
(etexcmds)             that some package has redefined \expanded.
(etexcmds)             In the latter case, load this package earlier.
)))
Package epstopdf-base Info: Redefining graphics rule for `.eps' on input line 4
38.
Package grfext Info: Graphics extension search list:
(grfext)             [.png,.pdf,.jpg,.mps,.jpeg,.jbig2,.jb2,.PNG,.PDF,.JPG,.JPE
G,.JBIG2,.JB2,.eps]
(grfext)             \AppendGraphicsExtensions on input line 456.
)
*geometry* detected driver: <none>
*geometry* verbose mode - [ preamble ] result:
* driver: \Gm@driver 
* paper: a4paper
* layout: <same size as paper>
* layoutoffset:(h,v)=(0.0pt,0.0pt)
* modes: 
* h-part:(L,W,R)=(108.405pt, 416.83289pt, 72.26999pt)
* v-part:(T,H,B)=(108.405pt, 628.23685pt, 108.405pt)
* \paperwidth=597.50787pt
* \paperheight=845.04684pt
* \textwidth=416.83289pt
* \textheight=628.23685pt
* \oddsidemargin=36.13501pt
* \evensidemargin=36.13501pt
* \topmargin=-35.86499pt
* \headheight=12.0pt
* \headsep=60.0pt
* \topskip=11.0pt
* \footskip=30.0pt
* \marginparwidth=50.0pt
* \marginparsep=10.0pt
* \columnsep=10.0pt
* \skip\footins=10.0pt plus 4.0pt minus 2.0pt
* \hoffset=0.0pt
* \voffset=-36.0pt
* \mag=1000
* \@twocolumnfalse
* \@twosidefalse
* \@mparswitchfalse
* \@reversemarginfalse
* (1in=72.27pt=25.4mm, 1cm=28.453pt)

\c@lstlisting=\count155
ABD: EveryShipout initializing macros
Package pgfplots notification 'compat/show suggested version=true': document ha
s been generated with the most recent feature set (\pgfplotsset{compat=1.14}).

Package caption Info: Begin \AtBeginDocument code.
Package caption Info: End \AtBeginDocument code.
LaTeX Font Info:    Font shape `OT1/ptm/bx/n' in size <17.28> not available
(Font)              Font shape `OT1/ptm/b/n' tried instead on input line 105.
The command '\includegraphics [width=0.15\columnwidth ]{Images/iiitb_logo}' has
 been optimized away. Use '/tikz/external/optimize=false' to disable this.
LaTeX Font Info:    Font shape `OT1/ptm/bx/n' in size <14.4> not available
(Font)              Font shape `OT1/ptm/b/n' tried instead on input line 105.
LaTeX Font Info:    Font shape `OT1/ptm/bx/n' in size <12> not available
(Font)              Font shape `OT1/ptm/b/n' tried instead on input line 105.

Underfull \hbox (badness 10000) in paragraph at lines 105--105

 []

LaTeX Font Info:    Try loading font information for OT1+ztmcm on input line 10
5.
("C:\Program Files\MiKTeX 2.9\tex\latex\psnfss\ot1ztmcm.fd"
File: ot1ztmcm.fd 2000/01/03 Fontinst v1.801 font definitions for OT1/ztmcm.
)
LaTeX Font Info:    Try loading font information for OML+ztmcm on input line 10
5.
("C:\Program Files\MiKTeX 2.9\tex\latex\psnfss\omlztmcm.fd"
File: omlztmcm.fd 2000/01/03 Fontinst v1.801 font definitions for OML/ztmcm.
)
LaTeX Font Info:    Try loading font information for OMS+ztmcm on input line 10
5.
("C:\Program Files\MiKTeX 2.9\tex\latex\psnfss\omsztmcm.fd"
File: omsztmcm.fd 2000/01/03 Fontinst v1.801 font definitions for OMS/ztmcm.
)
LaTeX Font Info:    Try loading font information for OMX+ztmcm on input line 10
5.
("C:\Program Files\MiKTeX 2.9\tex\latex\psnfss\omxztmcm.fd"
File: omxztmcm.fd 2000/01/03 Fontinst v1.801 font definitions for OMX/ztmcm.
)
LaTeX Font Info:    Try loading font information for U+lasy on input line 105.
("C:\Program Files\MiKTeX 2.9\tex\latex\base\ulasy.fd"
File: ulasy.fd 1998/08/17 v2.2e LaTeX symbol font definitions
)
LaTeX Font Info:    Font shape `OT1/ptm/bx/n' in size <9> not available
(Font)              Font shape `OT1/ptm/b/n' tried instead on input line 105.
LaTeX Font Info:    Font shape `OT1/ptm/bx/n' in size <7> not available
(Font)              Font shape `OT1/ptm/b/n' tried instead on input line 105.
LaTeX Font Info:    Font shape `OT1/ptm/bx/n' in size <10.95> not available
(Font)              Font shape `OT1/ptm/b/n' tried instead on input line 105.
(abstract.tex)

Package Fancyhdr Warning: \headheight is too small (12.0pt): 
 Make it at least 13.59999pt.
 We now make it that large for the rest of the document.
 This may cause the page layout to be inconsistent, however.

(acknowledgments.tex) (mypublications.tex)
No file Images/thesis-figure4.toc.
No file Images/thesis-figure4.lof.
No file Images/thesis-figure4.lot.
(abbreviations.tex) (Chapters/chap1.tex
Chapter 1.

LaTeX Warning: Reference `fig:nn_simple_dep' on page 1 undefined on input line 
6.

The command '\includegraphics [scale=0.60]{Images/nn_simple_dep}' has been opti
mized away. Use '/tikz/external/optimize=false' to disable this.
LaTeX Font Info:    Try loading font information for OT1+phv on input line 16.
("C:\Program Files\MiKTeX 2.9\tex\latex\psnfss\ot1phv.fd"
File: ot1phv.fd 2001/06/04 scalable font definitions for OT1/phv.
)
LaTeX Font Info:    Font shape `OT1/phv/m/n' will be
(Font)              scaled to size 9.49997pt on input line 16.
LaTeX Font Info:    Font shape `OT1/phv/bx/n' in size <10> not available
(Font)              Font shape `OT1/phv/b/n' tried instead on input line 16.
LaTeX Font Info:    Font shape `OT1/phv/b/n' will be
(Font)              scaled to size 9.49997pt on input line 16.

LaTeX Warning: Reference `fig:dnn_lifecycle' on page 2 undefined on input line 
20.

The command '\includegraphics [scale=0.60]{Images/dnn_training_lifecycle}' has 
been optimized away. Use '/tikz/external/optimize=false' to disable this.

LaTeX Warning: Reference `chap:nwstruct' on page 2 undefined on input line 37.


LaTeX Warning: Reference `tab:gsnet' on page 3 undefined on input line 40.

LaTeX Font Info:    Font shape `OT1/ptm/bx/n' in size <8> not available
(Font)              Font shape `OT1/ptm/b/n' tried instead on input line 46.
LaTeX Font Info:    Font shape `OT1/ptm/bx/n' in size <6> not available
(Font)              Font shape `OT1/ptm/b/n' tried instead on input line 46.

LaTeX Warning: Reference `chap:nwstruct' on page 3 undefined on input line 76.


LaTeX Warning: Reference `chap:hyperparams' on page 3 undefined on input line 7
9.


LaTeX Warning: Reference `chap:training' on page 4 undefined on input line 92.


LaTeX Warning: Reference `chap:recommendations' on page 4 undefined on input li
ne 96.


LaTeX Warning: Reference `chap:conclusions' on page 4 undefined on input line 1
00.


Overfull \hbox (21.41452pt too wide) in paragraph at lines 114--115
[]\OT1/ptm/m/n/12 So DNN prob-lem re-duces to ap-prox-i-mat-ing $\OML/ztmcm/m/i
t/12 g[]$ \OT1/ptm/m/n/12 us-ing $\OT1/ztmcm/m/n/12 (\OML/ztmcm/m/it/12 X; Y\OT
1/ztmcm/m/n/12 )$ \OT1/ptm/m/n/12 of size $\OML/ztmcm/m/it/12 N$\OT1/ptm/m/n/12
 . $\OML/ztmcm/m/it/12  \OT1/ztmcm/m/n/12 = (\OML/ztmcm/m/it/12 []; []:::[]
\OT1/ztmcm/m/n/12 ) \OMS/ztmcm/m/n/12 2
 []


LaTeX Warning: Reference `fig:nn_simple_dep' on page 5 undefined on input line 
116.


LaTeX Warning: Citation `lecun-mnisthandwrittendigit-2010' on page 6 undefined 
on input line 137.


LaTeX Warning: Citation `Krizhevsky09learningmultiple' on page 6 undefined on i
nput line 138.


LaTeX Warning: Citation `Krizhevsky09learningmultiple' on page 6 undefined on i
nput line 139.


LaTeX Warning: Reference `fig:mnist_example' on page 6 undefined on input line 
142.

The command '\includegraphics [scale=1.0]{Images/mnist}' has been optimized awa
y. Use '/tikz/external/optimize=false' to disable this.

LaTeX Warning: Reference `fig:cifar10_example' on page 6 undefined on input lin
e 152.

The command '\includegraphics [scale=0.8]{Images/cifar10}' has been optimized a
way. Use '/tikz/external/optimize=false' to disable this.

LaTeX Warning: Reference `fig:cif00_example' on page 7 undefined on input line 
161.


Overfull \hbox (10.65894pt too wide) in paragraph at lines 161--162
[]\OT1/ptm/m/n/12 CIFAR100 dataset has 50000 train-ing sam-ples and 10000 test-
ing sam-ples.It is database
 []

The command '\includegraphics [scale=0.8]{Images/cifar_100}' has been optimized
 away. Use '/tikz/external/optimize=false' to disable this.

LaTeX Warning: Citation `chollet2015' on page 7 undefined on input line 170.


LaTeX Warning: Citation `2016arXiv160502688short' on page 7 undefined on input 
line 170.

) (Chapters/chap2.tex
Chapter 2.

LaTeX Warning: Citation `Rosenblatt58theperceptron:' on page 8 undefined on inp
ut line 9.


Overfull \hbox (12.15924pt too wide) in paragraph at lines 17--18
[]\OT1/ptm/m/n/12 Other types of net-works are Ra-dial Ba-sis Net-work(RBN), Ga
ted Re-cur-rent Unit(GRU),
 []

) (Chapters/chap3.tex
Chapter 3.

LaTeX Warning: Citation `Rosenblatt58theperceptron:' on page 10 undefined on in
put line 18.


LaTeX Warning: Citation `LeCun:1998:EB:645754.668382' on page 11 undefined on i
nput line 22.


LaTeX Warning: Reference `eq:le_uni' on page 11 undefined on input line 22.


LaTeX Warning: Citation `Glorot10understandingthe' on page 11 undefined on inpu
t line 27.


LaTeX Warning: Reference `eq:gl_normal' on page 11 undefined on input line 27.


LaTeX Warning: Citation `DBLP:journals/corr/HeZR015' on page 11 undefined on in
put line 33.


LaTeX Warning: Citation `Glorot10understandingthe' on page 11 undefined on inpu
t line 33.


LaTeX Warning: Citation `DBLP:journals/corr/SaxeMG13' on page 11 undefined on i
nput line 35.


LaTeX Warning: Citation `LeCun:1998:EB:645754.668382' on page 11 undefined on i
nput line 35.


LaTeX Warning: Citation `Glorot10understandingthe' on page 11 undefined on inpu
t line 35.

(initializers_results.tex)

LaTeX Warning: Citation `DBLP:journals/corr/Ruder16' on page 12 undefined on in
put line 44.


LaTeX Warning: Citation `nadam_' on page 12 undefined on input line 44.


LaTeX Warning: Reference `eq:gd_up' on page 12 undefined on input line 47.


LaTeX Warning: Reference `chap:training' on page 12 undefined on input line 55.



Overfull \hbox (26.41794pt too wide) in paragraph at lines 57--59
\OT1/ptm/b/n/10.95 (Stochas-tic Gra-di-ent De-scent)\OT1/ptm/m/n/10.95 , which 
is also known as on-line learn-ing. Com-monly $\OML/ztmcm/m/it/10.95 minibatch 
size  \OMS/ztmcm/m/n/10.95 
 []


LaTeX Warning: Reference `eq:gd_up' on page 13 undefined on input line 60.


LaTeX Warning: Reference `chap:training' on page 13 undefined on input line 60.



LaTeX Warning: Citation `POLYAK19641' on page 13 undefined on input line 63.


LaTeX Warning: Reference `eq:momentum' on page 13 undefined on input line 63.


LaTeX Warning: Reference `eq:moment_up' on page 13 undefined on input line 63.


LaTeX Warning: Reference `eq:nag_up' on page 13 undefined on input line 77.


LaTeX Warning: Citation `Duchi:2011:ASM:1953048.2021068' on page 13 undefined o
n input line 87.


LaTeX Warning: Reference `eq:adagrad' on page 14 undefined on input line 90.


LaTeX Warning: Citation `adadelta' on page 14 undefined on input line 99.


LaTeX Warning: Reference `eq:adagrad' on page 14 undefined on input line 99.


LaTeX Warning: Reference `eq:adadelta_average' on page 14 undefined on input li
ne 99.


LaTeX Warning: Reference `eq:adadelta_average' on page 14 undefined on input li
ne 105.


LaTeX Warning: Reference `eq:adadelta_avg_param' on page 14 undefined on input 
line 105.


LaTeX Warning: Reference `eq:adadelta_up' on page 14 undefined on input line 11
4.


LaTeX Warning: Reference `eq:adadelta_avg_param' on page 15 undefined on input 
line 122.


LaTeX Warning: Reference `eq:rmsprop_avg_param' on page 15 undefined on input l
ine 122.


LaTeX Warning: Reference `eq:adadelta_up' on page 15 undefined on input line 12
2.


LaTeX Warning: Citation `adam' on page 15 undefined on input line 130.


LaTeX Warning: Reference `eq:adam_avgs' on page 15 undefined on input line 130.



LaTeX Warning: Reference `eq:adam_up' on page 15 undefined on input line 139.


LaTeX Warning: Citation `adam' on page 15 undefined on input line 146.

(optimizer_results.tex)

LaTeX Warning: Citation `DBLP:journals/corr/abs-1206-5533' on page 16 undefined
 on input line 160.


LaTeX Warning: Citation `Hinton2012' on page 16 undefined on input line 161.


LaTeX Warning: Citation `Hinton2012' on page 16 undefined on input line 163.

(batch_results.tex
PGFPlots: reading {ResultsNormal/mnist_FiveLayer_20B_0E_adagrad_he_u.csv}

Package pgfplots Warning: Table 'ResultsNormal/mnist_FiveLayer_20B_0E_adagrad_h
e_u.csv' has an empty column name; replacing it by '0'' on input line 9.

 [warning /pgfplots/warning/empty column name]
PGFPlots: reading {ResultsNormal/mnist_FiveLayer_40B_0E_adagrad_he_u.csv}

Package pgfplots Warning: Table 'ResultsNormal/mnist_FiveLayer_40B_0E_adagrad_h
e_u.csv' has an empty column name; replacing it by '0'' on input line 10.

 [warning /pgfplots/warning/empty column name]
PGFPlots: reading {ResultsNormal/mnist_FiveLayer_60B_0E_adagrad_he_u.csv}

Package pgfplots Warning: Table 'ResultsNormal/mnist_FiveLayer_60B_0E_adagrad_h
e_u.csv' has an empty column name; replacing it by '0'' on input line 11.

 [warning /pgfplots/warning/empty column name]
PGFPlots: reading {ResultsNormal/mnist_FiveLayer_80B_0E_adagrad_he_u.csv}

Package pgfplots Warning: Table 'ResultsNormal/mnist_FiveLayer_80B_0E_adagrad_h
e_u.csv' has an empty column name; replacing it by '0'' on input line 12.

 [warning /pgfplots/warning/empty column name]
PGFPlots: reading {ResultsNormal/mnist_FiveLayer_100B_0E_adagrad_he_u.csv}

Package pgfplots Warning: Table 'ResultsNormal/mnist_FiveLayer_100B_0E_adagrad_
he_u.csv' has an empty column name; replacing it by '0'' on input line 13.

 [warning /pgfplots/warning/empty column name]
PGFPlots: reading {ResultsNormal/mnist_FiveLayer_120B_0E_adagrad_he_u.csv}

Package pgfplots Warning: Table 'ResultsNormal/mnist_FiveLayer_120B_0E_adagrad_
he_u.csv' has an empty column name; replacing it by '0'' on input line 14.

 [warning /pgfplots/warning/empty column name]
PGFPlots: reading {ResultsNormal/mnist_FiveLayer_140B_0E_adagrad_he_u.csv}

Package pgfplots Warning: Table 'ResultsNormal/mnist_FiveLayer_140B_0E_adagrad_
he_u.csv' has an empty column name; replacing it by '0'' on input line 15.

 [warning /pgfplots/warning/empty column name]
PGFPlots: reading {ResultsNormal/mnist_FiveLayer_160B_0E_adagrad_he_u.csv}

Package pgfplots Warning: Table 'ResultsNormal/mnist_FiveLayer_160B_0E_adagrad_
he_u.csv' has an empty column name; replacing it by '0'' on input line 16.

 [warning /pgfplots/warning/empty column name]
PGFPlots: reading {ResultsNormal/mnist_FiveLayer_180B_0E_adagrad_he_u.csv}

Package pgfplots Warning: Table 'ResultsNormal/mnist_FiveLayer_180B_0E_adagrad_
he_u.csv' has an empty column name; replacing it by '0'' on input line 17.

 [warning /pgfplots/warning/empty column name]
(batch_init_epochs.tex
A tikzpicture has been optimized away. Use '/tikz/external/optimize=false' to d
isable this.

Overfull \hbox (219.82068pt too wide) in paragraph at lines 38--38
 []|[]| 
 []

A tikzpicture has been optimized away. Use '/tikz/external/optimize=false' to d
isable this.

Overfull \hbox (219.82068pt too wide) in paragraph at lines 75--76
 []|[]| 
 []

LaTeX Font Info:    Font shape `OT1/phv/m/it' in size <10> not available
(Font)              Font shape `OT1/phv/m/sl' tried instead on input line 77.
LaTeX Font Info:    Font shape `OT1/phv/m/sl' will be
(Font)              scaled to size 9.49997pt on input line 77.
) (batch_box_plots.tex
A tikzpicture has been optimized away. Use '/tikz/external/optimize=false' to d
isable this.

Overfull \hbox (219.82068pt too wide) in paragraph at lines 26--26
 []|[]| 
 []

A tikzpicture has been optimized away. Use '/tikz/external/optimize=false' to d
isable this.

Overfull \hbox (219.82068pt too wide) in paragraph at lines 49--50
 []|[]| 
 []

) (batch_late_epochs.tex
\openout4 = `Images/thesis-figure4.dpth'.

Missing character: There is no ; in font nullfont!
Missing character: There is no ; in font nullfont!
Missing character: There is no ; in font nullfont!
Missing character: There is no ; in font nullfont!
Missing character: There is no ; in font nullfont!
Missing character: There is no ; in font nullfont!
Missing character: There is no ; in font nullfont!
Missing character: There is no ; in font nullfont!
Missing character: There is no ; in font nullfont!
[17

{C:/ProgramData/MiKTeX/2.9/pdftex/config/pdftex.map}]
A tikzpicture has been optimized away. Use '/tikz/external/optimize=false' to d
isable this.

Overfull \hbox (11.40424pt too wide) in paragraph at lines 72--73
 []|[]| 
 []

) (batch_train_test_plots.tex
A tikzpicture has been optimized away. Use '/tikz/external/optimize=false' to d
isable this.

Overfull \hbox (219.82068pt too wide) in paragraph at lines 41--41
 []|[]| 
 []

A tikzpicture has been optimized away. Use '/tikz/external/optimize=false' to d
isable this.

Overfull \hbox (219.82068pt too wide) in paragraph at lines 58--59
 []|[]| 
 []

A tikzpicture has been optimized away. Use '/tikz/external/optimize=false' to d
isable this.

Overfull \hbox (217.08319pt too wide) in paragraph at lines 71--71
 []|[]| 
 []

A tikzpicture has been optimized away. Use '/tikz/external/optimize=false' to d
isable this.

Overfull \hbox (219.82068pt too wide) in paragraph at lines 84--85
 []|[]| 
 []

A tikzpicture has been optimized away. Use '/tikz/external/optimize=false' to d
isable this.

Overfull \hbox (217.08319pt too wide) in paragraph at lines 98--98
 []|[]| 
 []

A tikzpicture has been optimized away. Use '/tikz/external/optimize=false' to d
isable this.

Overfull \hbox (219.82068pt too wide) in paragraph at lines 111--112
 []|[]| 
 []

)
PGFPlots: reading {ResultsNormal/mnist_ThreeLayer_20B_0E_adagrad_he_u.csv}

Package pgfplots Warning: Table 'ResultsNormal/mnist_ThreeLayer_20B_0E_adagrad_
he_u.csv' has an empty column name; replacing it by '0'' on input line 60.

 [warning /pgfplots/warning/empty column name]
PGFPlots: reading {ResultsNormal/mnist_ThreeLayer_40B_0E_adagrad_he_u.csv}

Package pgfplots Warning: Table 'ResultsNormal/mnist_ThreeLayer_40B_0E_adagrad_
he_u.csv' has an empty column name; replacing it by '0'' on input line 61.

 [warning /pgfplots/warning/empty column name]
PGFPlots: reading {ResultsNormal/mnist_ThreeLayer_60B_0E_adagrad_he_u.csv}

Package pgfplots Warning: Table 'ResultsNormal/mnist_ThreeLayer_60B_0E_adagrad_
he_u.csv' has an empty column name; replacing it by '0'' on input line 62.

 [warning /pgfplots/warning/empty column name]
PGFPlots: reading {ResultsNormal/mnist_ThreeLayer_80B_0E_adagrad_he_u.csv}

Package pgfplots Warning: Table 'ResultsNormal/mnist_ThreeLayer_80B_0E_adagrad_
he_u.csv' has an empty column name; replacing it by '0'' on input line 63.

 [warning /pgfplots/warning/empty column name]
PGFPlots: reading {ResultsNormal/mnist_ThreeLayer_100B_0E_adagrad_he_u.csv}

Package pgfplots Warning: Table 'ResultsNormal/mnist_ThreeLayer_100B_0E_adagrad
_he_u.csv' has an empty column name; replacing it by '0'' on input line 64.

 [warning /pgfplots/warning/empty column name]
PGFPlots: reading {ResultsNormal/mnist_ThreeLayer_120B_0E_adagrad_he_u.csv}

Package pgfplots Warning: Table 'ResultsNormal/mnist_ThreeLayer_120B_0E_adagrad
_he_u.csv' has an empty column name; replacing it by '0'' on input line 65.

 [warning /pgfplots/warning/empty column name]
PGFPlots: reading {ResultsNormal/mnist_ThreeLayer_140B_0E_adagrad_he_u.csv}

Package pgfplots Warning: Table 'ResultsNormal/mnist_ThreeLayer_140B_0E_adagrad
_he_u.csv' has an empty column name; replacing it by '0'' on input line 66.

 [warning /pgfplots/warning/empty column name]
PGFPlots: reading {ResultsNormal/mnist_ThreeLayer_160B_0E_adagrad_he_u.csv}

Package pgfplots Warning: Table 'ResultsNormal/mnist_ThreeLayer_160B_0E_adagrad
_he_u.csv' has an empty column name; replacing it by '0'' on input line 67.

 [warning /pgfplots/warning/empty column name]
PGFPlots: reading {ResultsNormal/mnist_ThreeLayer_180B_0E_adagrad_he_u.csv}

Package pgfplots Warning: Table 'ResultsNormal/mnist_ThreeLayer_180B_0E_adagrad
_he_u.csv' has an empty column name; replacing it by '0'' on input line 68.

 [warning /pgfplots/warning/empty column name]
(batch_init_epochs.tex
A tikzpicture has been optimized away. Use '/tikz/external/optimize=false' to d
isable this.

Overfull \hbox (219.82068pt too wide) in paragraph at lines 38--38
 []|[]| 
 []

A tikzpicture has been optimized away. Use '/tikz/external/optimize=false' to d
isable this.

Overfull \hbox (219.82068pt too wide) in paragraph at lines 75--76
 []|[]| 
 []

) (batch_box_plots.tex
A tikzpicture has been optimized away. Use '/tikz/external/optimize=false' to d
isable this.

Overfull \hbox (219.82068pt too wide) in paragraph at lines 26--26
 []|[]| 
 []

A tikzpicture has been optimized away. Use '/tikz/external/optimize=false' to d
isable this.

Overfull \hbox (219.82068pt too wide) in paragraph at lines 49--50
 []|[]| 
 []

) (batch_late_epochs.tex
A tikzpicture has been optimized away. Use '/tikz/external/optimize=false' to d
isable this.

Overfull \hbox (11.40424pt too wide) in paragraph at lines 37--38
 []|[]| 
 []

A tikzpicture has been optimized away. Use '/tikz/external/optimize=false' to d
isable this.

Overfull \hbox (11.40424pt too wide) in paragraph at lines 72--73
 []|[]| 
 []

) (batch_train_test_plots.tex
A tikzpicture has been optimized away. Use '/tikz/external/optimize=false' to d
isable this.

Overfull \hbox (219.82068pt too wide) in paragraph at lines 41--41
 []|[]| 
 []

A tikzpicture has been optimized away. Use '/tikz/external/optimize=false' to d
isable this.

Overfull \hbox (219.82068pt too wide) in paragraph at lines 58--59
 []|[]| 
 []

A tikzpicture has been optimized away. Use '/tikz/external/optimize=false' to d
isable this.

Overfull \hbox (217.08319pt too wide) in paragraph at lines 71--71
 []|[]| 
 []

A tikzpicture has been optimized away. Use '/tikz/external/optimize=false' to d
isable this.

Overfull \hbox (219.82068pt too wide) in paragraph at lines 84--85
 []|[]| 
 []

A tikzpicture has been optimized away. Use '/tikz/external/optimize=false' to d
isable this.

Overfull \hbox (217.08319pt too wide) in paragraph at lines 98--98
 []|[]| 
 []

A tikzpicture has been optimized away. Use '/tikz/external/optimize=false' to d
isable this.

Overfull \hbox (219.82068pt too wide) in paragraph at lines 111--112
 []|[]| 
 []

)
PGFPlots: reading {ResultsNormal/mnist_TwoLayer_20B_0E_adagrad_he_u.csv}

Package pgfplots Warning: Table 'ResultsNormal/mnist_TwoLayer_20B_0E_adagrad_he
_u.csv' has an empty column name; replacing it by '0'' on input line 112.

 [warning /pgfplots/warning/empty column name]
PGFPlots: reading {ResultsNormal/mnist_TwoLayer_40B_0E_adagrad_he_u.csv}

Package pgfplots Warning: Table 'ResultsNormal/mnist_TwoLayer_40B_0E_adagrad_he
_u.csv' has an empty column name; replacing it by '0'' on input line 113.

 [warning /pgfplots/warning/empty column name]
PGFPlots: reading {ResultsNormal/mnist_TwoLayer_60B_0E_adagrad_he_u.csv}

Package pgfplots Warning: Table 'ResultsNormal/mnist_TwoLayer_60B_0E_adagrad_he
_u.csv' has an empty column name; replacing it by '0'' on input line 114.

 [warning /pgfplots/warning/empty column name]
PGFPlots: reading {ResultsNormal/mnist_TwoLayer_80B_0E_adagrad_he_u.csv}

Package pgfplots Warning: Table 'ResultsNormal/mnist_TwoLayer_80B_0E_adagrad_he
_u.csv' has an empty column name; replacing it by '0'' on input line 115.

 [warning /pgfplots/warning/empty column name]
PGFPlots: reading {ResultsNormal/mnist_TwoLayer_100B_0E_adagrad_he_u.csv}

Package pgfplots Warning: Table 'ResultsNormal/mnist_TwoLayer_100B_0E_adagrad_h
e_u.csv' has an empty column name; replacing it by '0'' on input line 116.

 [warning /pgfplots/warning/empty column name]
PGFPlots: reading {ResultsNormal/mnist_TwoLayer_120B_0E_adagrad_he_u.csv}

Package pgfplots Warning: Table 'ResultsNormal/mnist_TwoLayer_120B_0E_adagrad_h
e_u.csv' has an empty column name; replacing it by '0'' on input line 117.

 [warning /pgfplots/warning/empty column name]
PGFPlots: reading {ResultsNormal/mnist_TwoLayer_140B_0E_adagrad_he_u.csv}

Package pgfplots Warning: Table 'ResultsNormal/mnist_TwoLayer_140B_0E_adagrad_h
e_u.csv' has an empty column name; replacing it by '0'' on input line 118.

 [warning /pgfplots/warning/empty column name]
PGFPlots: reading {ResultsNormal/mnist_TwoLayer_160B_0E_adagrad_he_u.csv}

Package pgfplots Warning: Table 'ResultsNormal/mnist_TwoLayer_160B_0E_adagrad_h
e_u.csv' has an empty column name; replacing it by '0'' on input line 119.

 [warning /pgfplots/warning/empty column name]
PGFPlots: reading {ResultsNormal/mnist_TwoLayer_180B_0E_adagrad_he_u.csv}

Package pgfplots Warning: Table 'ResultsNormal/mnist_TwoLayer_180B_0E_adagrad_h
e_u.csv' has an empty column name; replacing it by '0'' on input line 120.

 [warning /pgfplots/warning/empty column name]
(batch_init_epochs.tex
A tikzpicture has been optimized away. Use '/tikz/external/optimize=false' to d
isable this.

Overfull \hbox (219.82068pt too wide) in paragraph at lines 38--38
 []|[]| 
 []

A tikzpicture has been optimized away. Use '/tikz/external/optimize=false' to d
isable this.

Overfull \hbox (219.82068pt too wide) in paragraph at lines 75--76
 []|[]| 
 []

) (batch_box_plots.tex
A tikzpicture has been optimized away. Use '/tikz/external/optimize=false' to d
isable this.

Overfull \hbox (219.82068pt too wide) in paragraph at lines 26--26
 []|[]| 
 []

A tikzpicture has been optimized away. Use '/tikz/external/optimize=false' to d
isable this.

Overfull \hbox (219.82068pt too wide) in paragraph at lines 49--50
 []|[]| 
 []

) (batch_late_epochs.tex
A tikzpicture has been optimized away. Use '/tikz/external/optimize=false' to d
isable this.

Overfull \hbox (11.40424pt too wide) in paragraph at lines 37--38
 []|[]| 
 []

A tikzpicture has been optimized away. Use '/tikz/external/optimize=false' to d
isable this.

Overfull \hbox (11.40424pt too wide) in paragraph at lines 72--73
 []|[]| 
 []

) (batch_train_test_plots.tex
A tikzpicture has been optimized away. Use '/tikz/external/optimize=false' to d
isable this.

Overfull \hbox (219.82068pt too wide) in paragraph at lines 41--41
 []|[]| 
 []

A tikzpicture has been optimized away. Use '/tikz/external/optimize=false' to d
isable this.

Overfull \hbox (219.82068pt too wide) in paragraph at lines 58--59
 []|[]| 
 []

A tikzpicture has been optimized away. Use '/tikz/external/optimize=false' to d
isable this.

Overfull \hbox (217.08319pt too wide) in paragraph at lines 71--71
 []|[]| 
 []

A tikzpicture has been optimized away. Use '/tikz/external/optimize=false' to d
isable this.

Overfull \hbox (219.82068pt too wide) in paragraph at lines 84--85
 []|[]| 
 []

A tikzpicture has been optimized away. Use '/tikz/external/optimize=false' to d
isable this.

Overfull \hbox (217.08319pt too wide) in paragraph at lines 98--98
 []|[]| 
 []

A tikzpicture has been optimized away. Use '/tikz/external/optimize=false' to d
isable this.

Overfull \hbox (219.82068pt too wide) in paragraph at lines 111--112
 []|[]| 
 []

)
PGFPlots: reading {ResultsNormal/cifar100_TwoLayer_200B_0E_adagrad_he_u.csv}

Package pgfplots Warning: Table 'ResultsNormal/cifar100_TwoLayer_200B_0E_adagra
d_he_u.csv' has an empty column name; replacing it by '0'' on input line 167.

 [warning /pgfplots/warning/empty column name]
PGFPlots: reading {ResultsNormal/cifar100_TwoLayer_400B_0E_adagrad_he_u.csv}

Package pgfplots Warning: Table 'ResultsNormal/cifar100_TwoLayer_400B_0E_adagra
d_he_u.csv' has an empty column name; replacing it by '0'' on input line 168.

 [warning /pgfplots/warning/empty column name]
PGFPlots: reading {ResultsNormal/cifar100_TwoLayer_600B_0E_adagrad_he_u.csv}

Package pgfplots Warning: Table 'ResultsNormal/cifar100_TwoLayer_600B_0E_adagra
d_he_u.csv' has an empty column name; replacing it by '0'' on input line 169.

 [warning /pgfplots/warning/empty column name]
PGFPlots: reading {ResultsNormal/cifar100_TwoLayer_800B_0E_adagrad_he_u.csv}

Package pgfplots Warning: Table 'ResultsNormal/cifar100_TwoLayer_800B_0E_adagra
d_he_u.csv' has an empty column name; replacing it by '0'' on input line 170.

 [warning /pgfplots/warning/empty column name]
PGFPlots: reading {ResultsNormal/cifar100_TwoLayer_1000B_0E_adagrad_he_u.csv}

Package pgfplots Warning: Table 'ResultsNormal/cifar100_TwoLayer_1000B_0E_adagr
ad_he_u.csv' has an empty column name; replacing it by '0'' on input line 171.

 [warning /pgfplots/warning/empty column name]
PGFPlots: reading {ResultsNormal/cifar100_TwoLayer_1200B_0E_adagrad_he_u.csv}

Package pgfplots Warning: Table 'ResultsNormal/cifar100_TwoLayer_1200B_0E_adagr
ad_he_u.csv' has an empty column name; replacing it by '0'' on input line 172.

 [warning /pgfplots/warning/empty column name]
PGFPlots: reading {ResultsNormal/cifar100_TwoLayer_1400B_0E_adagrad_he_u.csv}

Package pgfplots Warning: Table 'ResultsNormal/cifar100_TwoLayer_1400B_0E_adagr
ad_he_u.csv' has an empty column name; replacing it by '0'' on input line 173.

 [warning /pgfplots/warning/empty column name]
PGFPlots: reading {ResultsNormal/cifar100_TwoLayer_1600B_0E_adagrad_he_u.csv}

Package pgfplots Warning: Table 'ResultsNormal/cifar100_TwoLayer_1600B_0E_adagr
ad_he_u.csv' has an empty column name; replacing it by '0'' on input line 174.

 [warning /pgfplots/warning/empty column name]
PGFPlots: reading {ResultsNormal/cifar100_TwoLayer_1800B_0E_adagrad_he_u.csv}

Package pgfplots Warning: Table 'ResultsNormal/cifar100_TwoLayer_1800B_0E_adagr
ad_he_u.csv' has an empty column name; replacing it by '0'' on input line 175.

 [warning /pgfplots/warning/empty column name]
(batch_init_epochs.tex
A tikzpicture has been optimized away. Use '/tikz/external/optimize=false' to d
isable this.

Overfull \hbox (219.82068pt too wide) in paragraph at lines 38--38
 []|[]| 
 []

A tikzpicture has been optimized away. Use '/tikz/external/optimize=false' to d
isable this.

Overfull \hbox (219.82068pt too wide) in paragraph at lines 75--76
 []|[]| 
 []

) (batch_box_plots.tex
A tikzpicture has been optimized away. Use '/tikz/external/optimize=false' to d
isable this.

Overfull \hbox (219.82068pt too wide) in paragraph at lines 26--26
 []|[]| 
 []

A tikzpicture has been optimized away. Use '/tikz/external/optimize=false' to d
isable this.

Overfull \hbox (219.82068pt too wide) in paragraph at lines 49--50
 []|[]| 
 []

) (batch_late_epochs.tex
A tikzpicture has been optimized away. Use '/tikz/external/optimize=false' to d
isable this.

Overfull \hbox (11.40424pt too wide) in paragraph at lines 37--38
 []|[]| 
 []

A tikzpicture has been optimized away. Use '/tikz/external/optimize=false' to d
isable this.

Overfull \hbox (11.40424pt too wide) in paragraph at lines 72--73
 []|[]| 
 []

) (batch_train_test_plots.tex
A tikzpicture has been optimized away. Use '/tikz/external/optimize=false' to d
isable this.

Overfull \hbox (219.82068pt too wide) in paragraph at lines 41--41
 []|[]| 
 []

A tikzpicture has been optimized away. Use '/tikz/external/optimize=false' to d
isable this.

Overfull \hbox (219.82068pt too wide) in paragraph at lines 58--59
 []|[]| 
 []

A tikzpicture has been optimized away. Use '/tikz/external/optimize=false' to d
isable this.

Overfull \hbox (217.08319pt too wide) in paragraph at lines 71--71
 []|[]| 
 []

A tikzpicture has been optimized away. Use '/tikz/external/optimize=false' to d
isable this.

Overfull \hbox (219.82068pt too wide) in paragraph at lines 84--85
 []|[]| 
 []

A tikzpicture has been optimized away. Use '/tikz/external/optimize=false' to d
isable this.

Overfull \hbox (217.08319pt too wide) in paragraph at lines 98--98
 []|[]| 
 []

A tikzpicture has been optimized away. Use '/tikz/external/optimize=false' to d
isable this.

Overfull \hbox (219.82068pt too wide) in paragraph at lines 111--112
 []|[]| 
 []

)
PGFPlots: reading {ResultsNormal/cifar10_TwoLayer_20B_0E_adagrad_he_u.csv}

Package pgfplots Warning: Table 'ResultsNormal/cifar10_TwoLayer_20B_0E_adagrad_
he_u.csv' has an empty column name; replacing it by '0'' on input line 210.

 [warning /pgfplots/warning/empty column name]
PGFPlots: reading {ResultsNormal/cifar10_TwoLayer_40B_0E_adagrad_he_u.csv}

Package pgfplots Warning: Table 'ResultsNormal/cifar10_TwoLayer_40B_0E_adagrad_
he_u.csv' has an empty column name; replacing it by '0'' on input line 211.

 [warning /pgfplots/warning/empty column name]
PGFPlots: reading {ResultsNormal/cifar10_TwoLayer_60B_0E_adagrad_he_u.csv}

Package pgfplots Warning: Table 'ResultsNormal/cifar10_TwoLayer_60B_0E_adagrad_
he_u.csv' has an empty column name; replacing it by '0'' on input line 212.

 [warning /pgfplots/warning/empty column name]
PGFPlots: reading {ResultsNormal/cifar10_TwoLayer_80B_0E_adagrad_he_u.csv}

Package pgfplots Warning: Table 'ResultsNormal/cifar10_TwoLayer_80B_0E_adagrad_
he_u.csv' has an empty column name; replacing it by '0'' on input line 213.

 [warning /pgfplots/warning/empty column name]
PGFPlots: reading {ResultsNormal/cifar10_TwoLayer_100B_0E_adagrad_he_u.csv}

Package pgfplots Warning: Table 'ResultsNormal/cifar10_TwoLayer_100B_0E_adagrad
_he_u.csv' has an empty column name; replacing it by '0'' on input line 214.

 [warning /pgfplots/warning/empty column name]
PGFPlots: reading {ResultsNormal/cifar10_TwoLayer_120B_0E_adagrad_he_u.csv}

Package pgfplots Warning: Table 'ResultsNormal/cifar10_TwoLayer_120B_0E_adagrad
_he_u.csv' has an empty column name; replacing it by '0'' on input line 215.

 [warning /pgfplots/warning/empty column name]
PGFPlots: reading {ResultsNormal/cifar10_TwoLayer_140B_0E_adagrad_he_u.csv}

Package pgfplots Warning: Table 'ResultsNormal/cifar10_TwoLayer_140B_0E_adagrad
_he_u.csv' has an empty column name; replacing it by '0'' on input line 216.

 [warning /pgfplots/warning/empty column name]
PGFPlots: reading {ResultsNormal/cifar10_TwoLayer_160B_0E_adagrad_he_u.csv}

Package pgfplots Warning: Table 'ResultsNormal/cifar10_TwoLayer_160B_0E_adagrad
_he_u.csv' has an empty column name; replacing it by '0'' on input line 217.

 [warning /pgfplots/warning/empty column name]
PGFPlots: reading {ResultsNormal/cifar10_TwoLayer_180B_0E_adagrad_he_u.csv}

Package pgfplots Warning: Table 'ResultsNormal/cifar10_TwoLayer_180B_0E_adagrad
_he_u.csv' has an empty column name; replacing it by '0'' on input line 218.

 [warning /pgfplots/warning/empty column name]
(batch_init_epochs.tex
A tikzpicture has been optimized away. Use '/tikz/external/optimize=false' to d
isable this.

Overfull \hbox (219.82068pt too wide) in paragraph at lines 38--38
 []|[]| 
 []

A tikzpicture has been optimized away. Use '/tikz/external/optimize=false' to d
isable this.

Overfull \hbox (219.82068pt too wide) in paragraph at lines 75--76
 []|[]| 
 []

) (batch_box_plots.tex
A tikzpicture has been optimized away. Use '/tikz/external/optimize=false' to d
isable this.

Overfull \hbox (219.82068pt too wide) in paragraph at lines 26--26
 []|[]| 
 []

A tikzpicture has been optimized away. Use '/tikz/external/optimize=false' to d
isable this.

Overfull \hbox (219.82068pt too wide) in paragraph at lines 49--50
 []|[]| 
 []

) (batch_late_epochs.tex
A tikzpicture has been optimized away. Use '/tikz/external/optimize=false' to d
isable this.

Overfull \hbox (11.40424pt too wide) in paragraph at lines 37--38
 []|[]| 
 []

A tikzpicture has been optimized away. Use '/tikz/external/optimize=false' to d
isable this.

Overfull \hbox (11.40424pt too wide) in paragraph at lines 72--73
 []|[]| 
 []

) (batch_train_test_plots.tex
A tikzpicture has been optimized away. Use '/tikz/external/optimize=false' to d
isable this.

Overfull \hbox (219.82068pt too wide) in paragraph at lines 41--41
 []|[]| 
 []

A tikzpicture has been optimized away. Use '/tikz/external/optimize=false' to d
isable this.

Overfull \hbox (219.82068pt too wide) in paragraph at lines 58--59
 []|[]| 
 []

A tikzpicture has been optimized away. Use '/tikz/external/optimize=false' to d
isable this.

Overfull \hbox (217.08319pt too wide) in paragraph at lines 71--71
 []|[]| 
 []

A tikzpicture has been optimized away. Use '/tikz/external/optimize=false' to d
isable this.

Overfull \hbox (219.82068pt too wide) in paragraph at lines 84--85
 []|[]| 
 []

A tikzpicture has been optimized away. Use '/tikz/external/optimize=false' to d
isable this.

Overfull \hbox (217.08319pt too wide) in paragraph at lines 98--98
 []|[]| 
 []

A tikzpicture has been optimized away. Use '/tikz/external/optimize=false' to d
isable this.

Overfull \hbox (219.82068pt too wide) in paragraph at lines 111--112
 []|[]| 
 []

))) (Chapters/chap4.tex
Chapter 4.
) (Chapters/chap5.tex
Chapter 5.

LaTeX Warning: Citation `someguy2002' on page 25 undefined on input line 22.


LaTeX Warning: Citation `LastName1996' on page 25 undefined on input line 23.


LaTeX Warning: Citation `lam1994' on page 25 undefined on input line 24.

) (Chapters/chap6.tex
Chapter 6.
)
No file Images/thesis-figure4.bbl.
(Chapters/Appendix/apdxa.tex
Appendix A.

LaTeX Warning: Reference `apdx:a' on page 27 undefined on input line 6.

The command '\includegraphics [scale=0.40]{Images/db-deadlock}' has been optimi
zed away. Use '/tikz/external/optimize=false' to disable this.

LaTeX Warning: Reference `eqn:appsum' on page 27 undefined on input line 45.

) (Chapters/Appendix/apdxb.tex
Appendix B.

LaTeX Warning: Reference `apdx:b' on page 29 undefined on input line 5.

)
Package atveryend Info: Empty hook `BeforeClearDocument' on input line 125.
Package atveryend Info: Empty hook `AfterLastShipout' on input line 125.
Package atveryend Info: Executing hook `AtVeryEndDocument' on input line 125.
Package atveryend Info: Empty hook `AtEndAfterFileList' on input line 125.

LaTeX Warning: There were undefined references.

Package atveryend Info: Empty hook `AtVeryVeryEnd' on input line 125.
 ) 
Here is how much of TeX's memory you used:
 30179 strings out of 493329
 765882 string characters out of 3139053
 1355129 words of memory out of 3000000
 32994 multiletter control sequences out of 15000+200000
 36978 words of font info for 93 fonts, out of 3000000 for 9000
 1141 hyphenation exceptions out of 8191
 93i,30n,126p,765b,2881s stack positions out of 5000i,500n,10000p,200000b,50000s
{C:/Program Files/MiKTeX 2.9/fonts/enc/dvips/base/8r.enc}<C:/Program Files/Mi
KTeX 2.9/fonts/type1/public/amsfonts/cm/cmmi10.pfb><C:/Program Files/MiKTeX 2.9
/fonts/type1/urw/times/utmr8a.pfb><C:/Program Files/MiKTeX 2.9/fonts/type1/urw/
times/utmri8a.pfb>
Output written on Images/thesis-figure4.pdf (1 page, 45022 bytes).
PDF statistics:
 24 PDF objects out of 1000 (max. 8388607)
 0 named destinations out of 1000 (max. 500000)
 19 words of extra memory for PDF output out of 10000 (max. 10000000)

